This file contains any messages produced by compilers while
running configure, to aid debugging if configure makes a mistake.

It was created by FORM configure 4.2.1, which was
generated by GNU Autoconf 2.69.  Invocation command line was

  $ ./configure --prefix=/Users/user/phd/herwig_gh/.

## --------- ##
## Platform. ##
## --------- ##

hostname = E-LOSX4PFJ9.local
uname -m = arm64
uname -r = 24.6.0
uname -s = Darwin
uname -v = Darwin Kernel Version 24.6.0: Wed Oct 15 21:12:39 PDT 2025; root:xnu-11417.140.69.703.14~1/RELEASE_ARM64_T8132

/usr/bin/uname -p = arm
/bin/uname -X     = unknown

/bin/arch              = unknown
/usr/bin/arch -k       = unknown
/usr/convex/getsysinfo = unknown
/usr/bin/hostinfo      = Mach kernel version:
	 Darwin Kernel Version 24.6.0: Wed Oct 15 21:12:39 PDT 2025; root:xnu-11417.140.69.703.14~1/RELEASE_ARM64_T8132
Kernel configured for up to 10 processors.
10 processors are physically available.
10 processors are logically available.
Processor type: arm64e (ARM64E)
Processors active: 0 1 2 3 4 5 6 7 8 9
Primary memory available: 16.00 gigabytes
Default processor set: 814 tasks, 3692 threads, 10 processors
Load average: 8.57, Mach factor: 4.41
/bin/machine           = unknown
/usr/bin/oslevel       = unknown
/bin/universe          = unknown

PATH: /Users/user/phd/herwig_gh/./bin
PATH: /Users/user/phd/herwig_gh/.venv/bin
PATH: /usr/local/bin
PATH: /System/Cryptexes/App/usr/bin
PATH: /usr/bin
PATH: /bin
PATH: /usr/sbin
PATH: /sbin
PATH: /var/run/com.apple.security.cryptexd/codex.system/bootstrap/usr/local/bin
PATH: /var/run/com.apple.security.cryptexd/codex.system/bootstrap/usr/bin
PATH: /var/run/com.apple.security.cryptexd/codex.system/bootstrap/usr/appleinternal/bin
PATH: /opt/homebrew/bin
PATH: /usr/local/munki


## ----------- ##
## Core tests. ##
## ----------- ##

configure:2664: checking for a BSD-compatible install
configure:2732: result: /usr/bin/install -c
configure:2743: checking whether build environment is sane
configure:2798: result: yes
configure:2949: checking for a thread-safe mkdir -p
configure:2988: result: /opt/homebrew/bin/gmkdir -p
configure:2995: checking for gawk
configure:3025: result: no
configure:2995: checking for mawk
configure:3025: result: no
configure:2995: checking for nawk
configure:3025: result: no
configure:2995: checking for awk
configure:3011: found /usr/bin/awk
configure:3022: result: awk
configure:3033: checking whether make sets $(MAKE)
configure:3055: result: yes
configure:3084: checking whether make supports nested variables
configure:3101: result: yes
configure:3370: checking for C compiler version
configure:3379: /usr/bin/clang --version >&5
Apple clang version 17.0.0 (clang-1700.0.13.5)
Target: arm64-apple-darwin24.6.0
Thread model: posix
InstalledDir: /Library/Developer/CommandLineTools/usr/bin
configure:3390: $? = 0
configure:3379: /usr/bin/clang -v >&5
Apple clang version 17.0.0 (clang-1700.0.13.5)
Target: arm64-apple-darwin24.6.0
Thread model: posix
InstalledDir: /Library/Developer/CommandLineTools/usr/bin
configure:3390: $? = 0
configure:3379: /usr/bin/clang -V >&5
clang: error: argument to '-V' is missing (expected 1 value)
clang: error: no input files
configure:3390: $? = 1
configure:3379: /usr/bin/clang -qversion >&5
clang: error: unknown argument '-qversion'; did you mean '--version'?
clang: error: no input files
configure:3390: $? = 1
configure:3410: checking whether the C compiler works
configure:3432: /usr/bin/clang    conftest.c  >&5
configure:3436: $? = 0
configure:3484: result: yes
configure:3487: checking for C compiler default output file name
configure:3489: result: a.out
configure:3495: checking for suffix of executables
configure:3502: /usr/bin/clang -o conftest    conftest.c  >&5
configure:3506: $? = 0
configure:3528: result: 
configure:3550: checking whether we are cross compiling
configure:3558: /usr/bin/clang -o conftest    conftest.c  >&5
configure:3562: $? = 0
configure:3569: ./conftest
configure:3573: $? = 0
configure:3588: result: no
configure:3593: checking for suffix of object files
configure:3615: /usr/bin/clang -c   conftest.c >&5
configure:3619: $? = 0
configure:3640: result: o
configure:3644: checking whether we are using the GNU C compiler
configure:3663: /usr/bin/clang -c   conftest.c >&5
configure:3663: $? = 0
configure:3672: result: yes
configure:3681: checking whether /usr/bin/clang accepts -g
configure:3701: /usr/bin/clang -c -g  conftest.c >&5
configure:3701: $? = 0
configure:3742: result: yes
configure:3759: checking for /usr/bin/clang option to accept ISO C89
configure:3822: /usr/bin/clang  -c   conftest.c >&5
conftest.c:17:14: warning: a function definition without a prototype is deprecated in all versions of C and is not supported in C23 [-Wdeprecated-non-prototype]
   17 | static char *e (p, i)
      |              ^
1 warning generated.
configure:3822: $? = 0
configure:3835: result: none needed
configure:3860: checking whether /usr/bin/clang understands -c and -o together
configure:3882: /usr/bin/clang -c conftest.c -o conftest2.o
configure:3885: $? = 0
configure:3882: /usr/bin/clang -c conftest.c -o conftest2.o
configure:3885: $? = 0
configure:3897: result: yes
configure:3925: checking for style of include used by make
configure:3953: result: GNU
configure:3979: checking dependency style of /usr/bin/clang
configure:4090: result: gcc3
configure:4218: checking for C++ compiler version
configure:4227: /usr/bin/clang++ -std=c++14 --version >&5
Apple clang version 17.0.0 (clang-1700.0.13.5)
Target: arm64-apple-darwin24.6.0
Thread model: posix
InstalledDir: /Library/Developer/CommandLineTools/usr/bin
configure:4238: $? = 0
configure:4227: /usr/bin/clang++ -std=c++14 -v >&5
Apple clang version 17.0.0 (clang-1700.0.13.5)
Target: arm64-apple-darwin24.6.0
Thread model: posix
InstalledDir: /Library/Developer/CommandLineTools/usr/bin
configure:4238: $? = 0
configure:4227: /usr/bin/clang++ -std=c++14 -V >&5
clang++: error: argument to '-V' is missing (expected 1 value)
clang++: error: no input files
configure:4238: $? = 1
configure:4227: /usr/bin/clang++ -std=c++14 -qversion >&5
clang++: error: unknown argument '-qversion'; did you mean '--version'?
clang++: error: no input files
configure:4238: $? = 1
configure:4242: checking whether we are using the GNU C++ compiler
configure:4261: /usr/bin/clang++ -std=c++14 -c   conftest.cpp >&5
configure:4261: $? = 0
configure:4270: result: yes
configure:4279: checking whether /usr/bin/clang++ -std=c++14 accepts -g
configure:4299: /usr/bin/clang++ -std=c++14 -c -g  conftest.cpp >&5
configure:4299: $? = 0
configure:4340: result: yes
configure:4365: checking dependency style of /usr/bin/clang++ -std=c++14
configure:4476: result: gcc3
configure:4491: checking whether ln -s works
configure:4495: result: yes
configure:4510: checking how to run the C preprocessor
configure:4541: /usr/bin/clang -E  conftest.c
configure:4541: $? = 0
configure:4555: /usr/bin/clang -E  conftest.c
conftest.c:11:10: fatal error: 'ac_nonexistent.h' file not found
   11 | #include <ac_nonexistent.h>
      |          ^~~~~~~~~~~~~~~~~~
1 error generated.
configure:4555: $? = 1
configure: failed program was:
| /* confdefs.h */
| #define PACKAGE_NAME "FORM"
| #define PACKAGE_TARNAME "form"
| #define PACKAGE_VERSION "4.2.1"
| #define PACKAGE_STRING "FORM 4.2.1"
| #define PACKAGE_BUGREPORT "https://github.com/vermaseren/form/issues"
| #define PACKAGE_URL ""
| #define PACKAGE "form"
| #define VERSION "4.2.1"
| /* end confdefs.h.  */
| #include <ac_nonexistent.h>
configure:4580: result: /usr/bin/clang -E
configure:4600: /usr/bin/clang -E  conftest.c
configure:4600: $? = 0
configure:4614: /usr/bin/clang -E  conftest.c
conftest.c:11:10: fatal error: 'ac_nonexistent.h' file not found
   11 | #include <ac_nonexistent.h>
      |          ^~~~~~~~~~~~~~~~~~
1 error generated.
configure:4614: $? = 1
configure: failed program was:
| /* confdefs.h */
| #define PACKAGE_NAME "FORM"
| #define PACKAGE_TARNAME "form"
| #define PACKAGE_VERSION "4.2.1"
| #define PACKAGE_STRING "FORM 4.2.1"
| #define PACKAGE_BUGREPORT "https://github.com/vermaseren/form/issues"
| #define PACKAGE_URL ""
| #define PACKAGE "form"
| #define VERSION "4.2.1"
| /* end confdefs.h.  */
| #include <ac_nonexistent.h>
configure:4643: checking for grep that handles long lines and -e
configure:4701: result: /usr/bin/grep
configure:4706: checking for egrep
configure:4768: result: /usr/bin/grep -E
configure:4773: checking for ANSI C header files
configure:4793: /usr/bin/clang -c   conftest.c >&5
configure:4793: $? = 0
configure:4866: /usr/bin/clang -o conftest    conftest.c  >&5
configure:4866: $? = 0
configure:4866: ./conftest
configure:4866: $? = 0
configure:4877: result: yes
configure:4885: checking whether time.h and sys/time.h may both be included
configure:4905: /usr/bin/clang -c   conftest.c >&5
configure:4905: $? = 0
configure:4912: result: yes
configure:4925: checking for sys/types.h
configure:4925: /usr/bin/clang -c   conftest.c >&5
configure:4925: $? = 0
configure:4925: result: yes
configure:4925: checking for sys/stat.h
configure:4925: /usr/bin/clang -c   conftest.c >&5
configure:4925: $? = 0
configure:4925: result: yes
configure:4925: checking for stdlib.h
configure:4925: /usr/bin/clang -c   conftest.c >&5
configure:4925: $? = 0
configure:4925: result: yes
configure:4925: checking for string.h
configure:4925: /usr/bin/clang -c   conftest.c >&5
configure:4925: $? = 0
configure:4925: result: yes
configure:4925: checking for memory.h
configure:4925: /usr/bin/clang -c   conftest.c >&5
configure:4925: $? = 0
configure:4925: result: yes
configure:4925: checking for strings.h
configure:4925: /usr/bin/clang -c   conftest.c >&5
configure:4925: $? = 0
configure:4925: result: yes
configure:4925: checking for inttypes.h
configure:4925: /usr/bin/clang -c   conftest.c >&5
configure:4925: $? = 0
configure:4925: result: yes
configure:4925: checking for stdint.h
configure:4925: /usr/bin/clang -c   conftest.c >&5
configure:4925: $? = 0
configure:4925: result: yes
configure:4925: checking for unistd.h
configure:4925: /usr/bin/clang -c   conftest.c >&5
configure:4925: $? = 0
configure:4925: result: yes
configure:4940: checking fcntl.h usability
configure:4940: /usr/bin/clang -c   conftest.c >&5
configure:4940: $? = 0
configure:4940: result: yes
configure:4940: checking fcntl.h presence
configure:4940: /usr/bin/clang -E  conftest.c
configure:4940: $? = 0
configure:4940: result: yes
configure:4940: checking for fcntl.h
configure:4940: result: yes
configure:4940: checking limits.h usability
configure:4940: /usr/bin/clang -c   conftest.c >&5
configure:4940: $? = 0
configure:4940: result: yes
configure:4940: checking limits.h presence
configure:4940: /usr/bin/clang -E  conftest.c
configure:4940: $? = 0
configure:4940: result: yes
configure:4940: checking for limits.h
configure:4940: result: yes
configure:4940: checking sys/file.h usability
configure:4940: /usr/bin/clang -c   conftest.c >&5
configure:4940: $? = 0
configure:4940: result: yes
configure:4940: checking sys/file.h presence
configure:4940: /usr/bin/clang -E  conftest.c
configure:4940: $? = 0
configure:4940: result: yes
configure:4940: checking for sys/file.h
configure:4940: result: yes
configure:4963: checking how to run the C++ preprocessor
configure:4990: /usr/bin/clang++ -std=c++14 -E  conftest.cpp
configure:4990: $? = 0
configure:5004: /usr/bin/clang++ -std=c++14 -E  conftest.cpp
conftest.cpp:25:10: fatal error: 'ac_nonexistent.h' file not found
   25 | #include <ac_nonexistent.h>
      |          ^~~~~~~~~~~~~~~~~~
1 error generated.
configure:5004: $? = 1
configure: failed program was:
| /* confdefs.h */
| #define PACKAGE_NAME "FORM"
| #define PACKAGE_TARNAME "form"
| #define PACKAGE_VERSION "4.2.1"
| #define PACKAGE_STRING "FORM 4.2.1"
| #define PACKAGE_BUGREPORT "https://github.com/vermaseren/form/issues"
| #define PACKAGE_URL ""
| #define PACKAGE "form"
| #define VERSION "4.2.1"
| #define STDC_HEADERS 1
| #define TIME_WITH_SYS_TIME 1
| #define HAVE_SYS_TYPES_H 1
| #define HAVE_SYS_STAT_H 1
| #define HAVE_STDLIB_H 1
| #define HAVE_STRING_H 1
| #define HAVE_MEMORY_H 1
| #define HAVE_STRINGS_H 1
| #define HAVE_INTTYPES_H 1
| #define HAVE_STDINT_H 1
| #define HAVE_UNISTD_H 1
| #define HAVE_FCNTL_H 1
| #define HAVE_LIMITS_H 1
| #define HAVE_SYS_FILE_H 1
| /* end confdefs.h.  */
| #include <ac_nonexistent.h>
configure:5029: result: /usr/bin/clang++ -std=c++14 -E
configure:5049: /usr/bin/clang++ -std=c++14 -E  conftest.cpp
configure:5049: $? = 0
configure:5063: /usr/bin/clang++ -std=c++14 -E  conftest.cpp
conftest.cpp:25:10: fatal error: 'ac_nonexistent.h' file not found
   25 | #include <ac_nonexistent.h>
      |          ^~~~~~~~~~~~~~~~~~
1 error generated.
configure:5063: $? = 1
configure: failed program was:
| /* confdefs.h */
| #define PACKAGE_NAME "FORM"
| #define PACKAGE_TARNAME "form"
| #define PACKAGE_VERSION "4.2.1"
| #define PACKAGE_STRING "FORM 4.2.1"
| #define PACKAGE_BUGREPORT "https://github.com/vermaseren/form/issues"
| #define PACKAGE_URL ""
| #define PACKAGE "form"
| #define VERSION "4.2.1"
| #define STDC_HEADERS 1
| #define TIME_WITH_SYS_TIME 1
| #define HAVE_SYS_TYPES_H 1
| #define HAVE_SYS_STAT_H 1
| #define HAVE_STDLIB_H 1
| #define HAVE_STRING_H 1
| #define HAVE_MEMORY_H 1
| #define HAVE_STRINGS_H 1
| #define HAVE_INTTYPES_H 1
| #define HAVE_STDINT_H 1
| #define HAVE_UNISTD_H 1
| #define HAVE_FCNTL_H 1
| #define HAVE_LIMITS_H 1
| #define HAVE_SYS_FILE_H 1
| /* end confdefs.h.  */
| #include <ac_nonexistent.h>
configure:5095: checking unordered_map usability
configure:5095: /usr/bin/clang++ -std=c++14 -c   conftest.cpp >&5
configure:5095: $? = 0
configure:5095: result: yes
configure:5095: checking unordered_map presence
configure:5095: /usr/bin/clang++ -std=c++14 -E  conftest.cpp
configure:5095: $? = 0
configure:5095: result: yes
configure:5095: checking for unordered_map
configure:5095: result: yes
configure:5095: checking tr1/unordered_map usability
configure:5095: /usr/bin/clang++ -std=c++14 -c   conftest.cpp >&5
conftest.cpp:59:10: fatal error: 'tr1/unordered_map' file not found
   59 | #include <tr1/unordered_map>
      |          ^~~~~~~~~~~~~~~~~~~
1 error generated.
configure:5095: $? = 1
configure: failed program was:
| /* confdefs.h */
| #define PACKAGE_NAME "FORM"
| #define PACKAGE_TARNAME "form"
| #define PACKAGE_VERSION "4.2.1"
| #define PACKAGE_STRING "FORM 4.2.1"
| #define PACKAGE_BUGREPORT "https://github.com/vermaseren/form/issues"
| #define PACKAGE_URL ""
| #define PACKAGE "form"
| #define VERSION "4.2.1"
| #define STDC_HEADERS 1
| #define TIME_WITH_SYS_TIME 1
| #define HAVE_SYS_TYPES_H 1
| #define HAVE_SYS_STAT_H 1
| #define HAVE_STDLIB_H 1
| #define HAVE_STRING_H 1
| #define HAVE_MEMORY_H 1
| #define HAVE_STRINGS_H 1
| #define HAVE_INTTYPES_H 1
| #define HAVE_STDINT_H 1
| #define HAVE_UNISTD_H 1
| #define HAVE_FCNTL_H 1
| #define HAVE_LIMITS_H 1
| #define HAVE_SYS_FILE_H 1
| #define HAVE_UNORDERED_MAP 1
| /* end confdefs.h.  */
| #include <stdio.h>
| #ifdef HAVE_SYS_TYPES_H
| # include <sys/types.h>
| #endif
| #ifdef HAVE_SYS_STAT_H
| # include <sys/stat.h>
| #endif
| #ifdef STDC_HEADERS
| # include <stdlib.h>
| # include <stddef.h>
| #else
| # ifdef HAVE_STDLIB_H
| #  include <stdlib.h>
| # endif
| #endif
| #ifdef HAVE_STRING_H
| # if !defined STDC_HEADERS && defined HAVE_MEMORY_H
| #  include <memory.h>
| # endif
| # include <string.h>
| #endif
| #ifdef HAVE_STRINGS_H
| # include <strings.h>
| #endif
| #ifdef HAVE_INTTYPES_H
| # include <inttypes.h>
| #endif
| #ifdef HAVE_STDINT_H
| # include <stdint.h>
| #endif
| #ifdef HAVE_UNISTD_H
| # include <unistd.h>
| #endif
| #include <tr1/unordered_map>
configure:5095: result: no
configure:5095: checking tr1/unordered_map presence
configure:5095: /usr/bin/clang++ -std=c++14 -E  conftest.cpp
conftest.cpp:26:10: fatal error: 'tr1/unordered_map' file not found
   26 | #include <tr1/unordered_map>
      |          ^~~~~~~~~~~~~~~~~~~
1 error generated.
configure:5095: $? = 1
configure: failed program was:
| /* confdefs.h */
| #define PACKAGE_NAME "FORM"
| #define PACKAGE_TARNAME "form"
| #define PACKAGE_VERSION "4.2.1"
| #define PACKAGE_STRING "FORM 4.2.1"
| #define PACKAGE_BUGREPORT "https://github.com/vermaseren/form/issues"
| #define PACKAGE_URL ""
| #define PACKAGE "form"
| #define VERSION "4.2.1"
| #define STDC_HEADERS 1
| #define TIME_WITH_SYS_TIME 1
| #define HAVE_SYS_TYPES_H 1
| #define HAVE_SYS_STAT_H 1
| #define HAVE_STDLIB_H 1
| #define HAVE_STRING_H 1
| #define HAVE_MEMORY_H 1
| #define HAVE_STRINGS_H 1
| #define HAVE_INTTYPES_H 1
| #define HAVE_STDINT_H 1
| #define HAVE_UNISTD_H 1
| #define HAVE_FCNTL_H 1
| #define HAVE_LIMITS_H 1
| #define HAVE_SYS_FILE_H 1
| #define HAVE_UNORDERED_MAP 1
| /* end confdefs.h.  */
| #include <tr1/unordered_map>
configure:5095: result: no
configure:5095: checking for tr1/unordered_map
configure:5095: result: no
configure:5095: checking boost/unordered_map.hpp usability
configure:5095: /usr/bin/clang++ -std=c++14 -c   conftest.cpp >&5
conftest.cpp:59:10: fatal error: 'boost/unordered_map.hpp' file not found
   59 | #include <boost/unordered_map.hpp>
      |          ^~~~~~~~~~~~~~~~~~~~~~~~~
1 error generated.
configure:5095: $? = 1
configure: failed program was:
| /* confdefs.h */
| #define PACKAGE_NAME "FORM"
| #define PACKAGE_TARNAME "form"
| #define PACKAGE_VERSION "4.2.1"
| #define PACKAGE_STRING "FORM 4.2.1"
| #define PACKAGE_BUGREPORT "https://github.com/vermaseren/form/issues"
| #define PACKAGE_URL ""
| #define PACKAGE "form"
| #define VERSION "4.2.1"
| #define STDC_HEADERS 1
| #define TIME_WITH_SYS_TIME 1
| #define HAVE_SYS_TYPES_H 1
| #define HAVE_SYS_STAT_H 1
| #define HAVE_STDLIB_H 1
| #define HAVE_STRING_H 1
| #define HAVE_MEMORY_H 1
| #define HAVE_STRINGS_H 1
| #define HAVE_INTTYPES_H 1
| #define HAVE_STDINT_H 1
| #define HAVE_UNISTD_H 1
| #define HAVE_FCNTL_H 1
| #define HAVE_LIMITS_H 1
| #define HAVE_SYS_FILE_H 1
| #define HAVE_UNORDERED_MAP 1
| /* end confdefs.h.  */
| #include <stdio.h>
| #ifdef HAVE_SYS_TYPES_H
| # include <sys/types.h>
| #endif
| #ifdef HAVE_SYS_STAT_H
| # include <sys/stat.h>
| #endif
| #ifdef STDC_HEADERS
| # include <stdlib.h>
| # include <stddef.h>
| #else
| # ifdef HAVE_STDLIB_H
| #  include <stdlib.h>
| # endif
| #endif
| #ifdef HAVE_STRING_H
| # if !defined STDC_HEADERS && defined HAVE_MEMORY_H
| #  include <memory.h>
| # endif
| # include <string.h>
| #endif
| #ifdef HAVE_STRINGS_H
| # include <strings.h>
| #endif
| #ifdef HAVE_INTTYPES_H
| # include <inttypes.h>
| #endif
| #ifdef HAVE_STDINT_H
| # include <stdint.h>
| #endif
| #ifdef HAVE_UNISTD_H
| # include <unistd.h>
| #endif
| #include <boost/unordered_map.hpp>
configure:5095: result: no
configure:5095: checking boost/unordered_map.hpp presence
configure:5095: /usr/bin/clang++ -std=c++14 -E  conftest.cpp
conftest.cpp:26:10: fatal error: 'boost/unordered_map.hpp' file not found
   26 | #include <boost/unordered_map.hpp>
      |          ^~~~~~~~~~~~~~~~~~~~~~~~~
1 error generated.
configure:5095: $? = 1
configure: failed program was:
| /* confdefs.h */
| #define PACKAGE_NAME "FORM"
| #define PACKAGE_TARNAME "form"
| #define PACKAGE_VERSION "4.2.1"
| #define PACKAGE_STRING "FORM 4.2.1"
| #define PACKAGE_BUGREPORT "https://github.com/vermaseren/form/issues"
| #define PACKAGE_URL ""
| #define PACKAGE "form"
| #define VERSION "4.2.1"
| #define STDC_HEADERS 1
| #define TIME_WITH_SYS_TIME 1
| #define HAVE_SYS_TYPES_H 1
| #define HAVE_SYS_STAT_H 1
| #define HAVE_STDLIB_H 1
| #define HAVE_STRING_H 1
| #define HAVE_MEMORY_H 1
| #define HAVE_STRINGS_H 1
| #define HAVE_INTTYPES_H 1
| #define HAVE_STDINT_H 1
| #define HAVE_UNISTD_H 1
| #define HAVE_FCNTL_H 1
| #define HAVE_LIMITS_H 1
| #define HAVE_SYS_FILE_H 1
| #define HAVE_UNORDERED_MAP 1
| /* end confdefs.h.  */
| #include <boost/unordered_map.hpp>
configure:5095: result: no
configure:5095: checking for boost/unordered_map.hpp
configure:5095: result: no
configure:5108: checking unordered_set usability
configure:5108: /usr/bin/clang++ -std=c++14 -c   conftest.cpp >&5
configure:5108: $? = 0
configure:5108: result: yes
configure:5108: checking unordered_set presence
configure:5108: /usr/bin/clang++ -std=c++14 -E  conftest.cpp
configure:5108: $? = 0
configure:5108: result: yes
configure:5108: checking for unordered_set
configure:5108: result: yes
configure:5108: checking tr1/unordered_set usability
configure:5108: /usr/bin/clang++ -std=c++14 -c   conftest.cpp >&5
conftest.cpp:60:10: fatal error: 'tr1/unordered_set' file not found
   60 | #include <tr1/unordered_set>
      |          ^~~~~~~~~~~~~~~~~~~
1 error generated.
configure:5108: $? = 1
configure: failed program was:
| /* confdefs.h */
| #define PACKAGE_NAME "FORM"
| #define PACKAGE_TARNAME "form"
| #define PACKAGE_VERSION "4.2.1"
| #define PACKAGE_STRING "FORM 4.2.1"
| #define PACKAGE_BUGREPORT "https://github.com/vermaseren/form/issues"
| #define PACKAGE_URL ""
| #define PACKAGE "form"
| #define VERSION "4.2.1"
| #define STDC_HEADERS 1
| #define TIME_WITH_SYS_TIME 1
| #define HAVE_SYS_TYPES_H 1
| #define HAVE_SYS_STAT_H 1
| #define HAVE_STDLIB_H 1
| #define HAVE_STRING_H 1
| #define HAVE_MEMORY_H 1
| #define HAVE_STRINGS_H 1
| #define HAVE_INTTYPES_H 1
| #define HAVE_STDINT_H 1
| #define HAVE_UNISTD_H 1
| #define HAVE_FCNTL_H 1
| #define HAVE_LIMITS_H 1
| #define HAVE_SYS_FILE_H 1
| #define HAVE_UNORDERED_MAP 1
| #define HAVE_UNORDERED_SET 1
| /* end confdefs.h.  */
| #include <stdio.h>
| #ifdef HAVE_SYS_TYPES_H
| # include <sys/types.h>
| #endif
| #ifdef HAVE_SYS_STAT_H
| # include <sys/stat.h>
| #endif
| #ifdef STDC_HEADERS
| # include <stdlib.h>
| # include <stddef.h>
| #else
| # ifdef HAVE_STDLIB_H
| #  include <stdlib.h>
| # endif
| #endif
| #ifdef HAVE_STRING_H
| # if !defined STDC_HEADERS && defined HAVE_MEMORY_H
| #  include <memory.h>
| # endif
| # include <string.h>
| #endif
| #ifdef HAVE_STRINGS_H
| # include <strings.h>
| #endif
| #ifdef HAVE_INTTYPES_H
| # include <inttypes.h>
| #endif
| #ifdef HAVE_STDINT_H
| # include <stdint.h>
| #endif
| #ifdef HAVE_UNISTD_H
| # include <unistd.h>
| #endif
| #include <tr1/unordered_set>
configure:5108: result: no
configure:5108: checking tr1/unordered_set presence
configure:5108: /usr/bin/clang++ -std=c++14 -E  conftest.cpp
conftest.cpp:27:10: fatal error: 'tr1/unordered_set' file not found
   27 | #include <tr1/unordered_set>
      |          ^~~~~~~~~~~~~~~~~~~
1 error generated.
configure:5108: $? = 1
configure: failed program was:
| /* confdefs.h */
| #define PACKAGE_NAME "FORM"
| #define PACKAGE_TARNAME "form"
| #define PACKAGE_VERSION "4.2.1"
| #define PACKAGE_STRING "FORM 4.2.1"
| #define PACKAGE_BUGREPORT "https://github.com/vermaseren/form/issues"
| #define PACKAGE_URL ""
| #define PACKAGE "form"
| #define VERSION "4.2.1"
| #define STDC_HEADERS 1
| #define TIME_WITH_SYS_TIME 1
| #define HAVE_SYS_TYPES_H 1
| #define HAVE_SYS_STAT_H 1
| #define HAVE_STDLIB_H 1
| #define HAVE_STRING_H 1
| #define HAVE_MEMORY_H 1
| #define HAVE_STRINGS_H 1
| #define HAVE_INTTYPES_H 1
| #define HAVE_STDINT_H 1
| #define HAVE_UNISTD_H 1
| #define HAVE_FCNTL_H 1
| #define HAVE_LIMITS_H 1
| #define HAVE_SYS_FILE_H 1
| #define HAVE_UNORDERED_MAP 1
| #define HAVE_UNORDERED_SET 1
| /* end confdefs.h.  */
| #include <tr1/unordered_set>
configure:5108: result: no
configure:5108: checking for tr1/unordered_set
configure:5108: result: no
configure:5108: checking boost/unordered_set.hpp usability
configure:5108: /usr/bin/clang++ -std=c++14 -c   conftest.cpp >&5
conftest.cpp:60:10: fatal error: 'boost/unordered_set.hpp' file not found
   60 | #include <boost/unordered_set.hpp>
      |          ^~~~~~~~~~~~~~~~~~~~~~~~~
1 error generated.
configure:5108: $? = 1
configure: failed program was:
| /* confdefs.h */
| #define PACKAGE_NAME "FORM"
| #define PACKAGE_TARNAME "form"
| #define PACKAGE_VERSION "4.2.1"
| #define PACKAGE_STRING "FORM 4.2.1"
| #define PACKAGE_BUGREPORT "https://github.com/vermaseren/form/issues"
| #define PACKAGE_URL ""
| #define PACKAGE "form"
| #define VERSION "4.2.1"
| #define STDC_HEADERS 1
| #define TIME_WITH_SYS_TIME 1
| #define HAVE_SYS_TYPES_H 1
| #define HAVE_SYS_STAT_H 1
| #define HAVE_STDLIB_H 1
| #define HAVE_STRING_H 1
| #define HAVE_MEMORY_H 1
| #define HAVE_STRINGS_H 1
| #define HAVE_INTTYPES_H 1
| #define HAVE_STDINT_H 1
| #define HAVE_UNISTD_H 1
| #define HAVE_FCNTL_H 1
| #define HAVE_LIMITS_H 1
| #define HAVE_SYS_FILE_H 1
| #define HAVE_UNORDERED_MAP 1
| #define HAVE_UNORDERED_SET 1
| /* end confdefs.h.  */
| #include <stdio.h>
| #ifdef HAVE_SYS_TYPES_H
| # include <sys/types.h>
| #endif
| #ifdef HAVE_SYS_STAT_H
| # include <sys/stat.h>
| #endif
| #ifdef STDC_HEADERS
| # include <stdlib.h>
| # include <stddef.h>
| #else
| # ifdef HAVE_STDLIB_H
| #  include <stdlib.h>
| # endif
| #endif
| #ifdef HAVE_STRING_H
| # if !defined STDC_HEADERS && defined HAVE_MEMORY_H
| #  include <memory.h>
| # endif
| # include <string.h>
| #endif
| #ifdef HAVE_STRINGS_H
| # include <strings.h>
| #endif
| #ifdef HAVE_INTTYPES_H
| # include <inttypes.h>
| #endif
| #ifdef HAVE_STDINT_H
| # include <stdint.h>
| #endif
| #ifdef HAVE_UNISTD_H
| # include <unistd.h>
| #endif
| #include <boost/unordered_set.hpp>
configure:5108: result: no
configure:5108: checking boost/unordered_set.hpp presence
configure:5108: /usr/bin/clang++ -std=c++14 -E  conftest.cpp
conftest.cpp:27:10: fatal error: 'boost/unordered_set.hpp' file not found
   27 | #include <boost/unordered_set.hpp>
      |          ^~~~~~~~~~~~~~~~~~~~~~~~~
1 error generated.
configure:5108: $? = 1
configure: failed program was:
| /* confdefs.h */
| #define PACKAGE_NAME "FORM"
| #define PACKAGE_TARNAME "form"
| #define PACKAGE_VERSION "4.2.1"
| #define PACKAGE_STRING "FORM 4.2.1"
| #define PACKAGE_BUGREPORT "https://github.com/vermaseren/form/issues"
| #define PACKAGE_URL ""
| #define PACKAGE "form"
| #define VERSION "4.2.1"
| #define STDC_HEADERS 1
| #define TIME_WITH_SYS_TIME 1
| #define HAVE_SYS_TYPES_H 1
| #define HAVE_SYS_STAT_H 1
| #define HAVE_STDLIB_H 1
| #define HAVE_STRING_H 1
| #define HAVE_MEMORY_H 1
| #define HAVE_STRINGS_H 1
| #define HAVE_INTTYPES_H 1
| #define HAVE_STDINT_H 1
| #define HAVE_UNISTD_H 1
| #define HAVE_FCNTL_H 1
| #define HAVE_LIMITS_H 1
| #define HAVE_SYS_FILE_H 1
| #define HAVE_UNORDERED_MAP 1
| #define HAVE_UNORDERED_SET 1
| /* end confdefs.h.  */
| #include <boost/unordered_set.hpp>
configure:5108: result: no
configure:5108: checking for boost/unordered_set.hpp
configure:5108: result: no
configure:5128: checking __builtin_popcount
configure:5143: /usr/bin/clang -o conftest    conftest.c  >&5
configure:5143: $? = 0
configure:5151: result: yes
configure:5183: checking for inline
configure:5199: /usr/bin/clang -c   conftest.c >&5
configure:5199: $? = 0
configure:5207: result: inline
configure:5234: checking for special C compiler options needed for large files
configure:5279: result: no
configure:5285: checking for _FILE_OFFSET_BITS value needed for large files
configure:5310: /usr/bin/clang -c   conftest.c >&5
configure:5310: $? = 0
configure:5342: result: no
configure:5433: checking build system type
configure:5447: result: arm-apple-darwin24.6.0
configure:5467: checking host system type
configure:5480: result: arm-apple-darwin24.6.0
configure:5576: /usr/bin/clang -c   conftest.c >&5
conftest.c:34:1: error: use of undeclared identifier 'choke'
   34 | choke me
      | ^
1 error generated.
configure:5576: $? = 1
configure: failed program was:
| /* confdefs.h */
| #define PACKAGE_NAME "FORM"
| #define PACKAGE_TARNAME "form"
| #define PACKAGE_VERSION "4.2.1"
| #define PACKAGE_STRING "FORM 4.2.1"
| #define PACKAGE_BUGREPORT "https://github.com/vermaseren/form/issues"
| #define PACKAGE_URL ""
| #define PACKAGE "form"
| #define VERSION "4.2.1"
| #define STDC_HEADERS 1
| #define TIME_WITH_SYS_TIME 1
| #define HAVE_SYS_TYPES_H 1
| #define HAVE_SYS_STAT_H 1
| #define HAVE_STDLIB_H 1
| #define HAVE_STRING_H 1
| #define HAVE_MEMORY_H 1
| #define HAVE_STRINGS_H 1
| #define HAVE_INTTYPES_H 1
| #define HAVE_STDINT_H 1
| #define HAVE_UNISTD_H 1
| #define HAVE_FCNTL_H 1
| #define HAVE_LIMITS_H 1
| #define HAVE_SYS_FILE_H 1
| #define HAVE_UNORDERED_MAP 1
| #define HAVE_UNORDERED_SET 1
| #define HAVE_BUILTIN_POPCOUNT 1
| /* end confdefs.h.  */
| 
| int
| main ()
| {
| 
| #if !(defined(__ICC) || defined(__ECC) || defined(__INTEL_COMPILER))
| choke me
| #endif
| 
|   ;
|   return 0;
| }
configure:5576: /usr/bin/clang -c   conftest.c >&5
configure:5576: $? = 0
configure:5601: checking for unistd.h
configure:5601: result: yes
configure:5665: checking size of char
configure:5670: /usr/bin/clang -o conftest    conftest.c  >&5
configure:5670: $? = 0
configure:5670: ./conftest
configure:5670: $? = 0
configure:5684: result: 1
configure:5698: checking size of short
configure:5703: /usr/bin/clang -o conftest    conftest.c  >&5
configure:5703: $? = 0
configure:5703: ./conftest
configure:5703: $? = 0
configure:5717: result: 2
configure:5731: checking size of int
configure:5736: /usr/bin/clang -o conftest    conftest.c  >&5
configure:5736: $? = 0
configure:5736: ./conftest
configure:5736: $? = 0
configure:5750: result: 4
configure:5764: checking size of long
configure:5769: /usr/bin/clang -o conftest    conftest.c  >&5
configure:5769: $? = 0
configure:5769: ./conftest
configure:5769: $? = 0
configure:5783: result: 8
configure:5797: checking size of long long
configure:5802: /usr/bin/clang -o conftest    conftest.c  >&5
configure:5802: $? = 0
configure:5802: ./conftest
configure:5802: $? = 0
configure:5816: result: 8
configure:5830: checking size of void *
configure:5835: /usr/bin/clang -o conftest    conftest.c  >&5
configure:5835: $? = 0
configure:5835: ./conftest
configure:5835: $? = 0
configure:5849: result: 8
configure:5863: checking size of off_t
configure:5868: /usr/bin/clang -o conftest    conftest.c  >&5
configure:5868: $? = 0
configure:5868: ./conftest
configure:5868: $? = 0
configure:5882: result: 8
configure:5958: The data model is LP64
configure:5977: checking gmp.h usability
configure:5977: /usr/bin/clang -c   conftest.c >&5
conftest.c:71:10: fatal error: 'gmp.h' file not found
   71 | #include <gmp.h>
      |          ^~~~~~~
1 error generated.
configure:5977: $? = 1
configure: failed program was:
| /* confdefs.h */
| #define PACKAGE_NAME "FORM"
| #define PACKAGE_TARNAME "form"
| #define PACKAGE_VERSION "4.2.1"
| #define PACKAGE_STRING "FORM 4.2.1"
| #define PACKAGE_BUGREPORT "https://github.com/vermaseren/form/issues"
| #define PACKAGE_URL ""
| #define PACKAGE "form"
| #define VERSION "4.2.1"
| #define STDC_HEADERS 1
| #define TIME_WITH_SYS_TIME 1
| #define HAVE_SYS_TYPES_H 1
| #define HAVE_SYS_STAT_H 1
| #define HAVE_STDLIB_H 1
| #define HAVE_STRING_H 1
| #define HAVE_MEMORY_H 1
| #define HAVE_STRINGS_H 1
| #define HAVE_INTTYPES_H 1
| #define HAVE_STDINT_H 1
| #define HAVE_UNISTD_H 1
| #define HAVE_FCNTL_H 1
| #define HAVE_LIMITS_H 1
| #define HAVE_SYS_FILE_H 1
| #define HAVE_UNORDERED_MAP 1
| #define HAVE_UNORDERED_SET 1
| #define HAVE_BUILTIN_POPCOUNT 1
| #define HAVE_UNISTD_H 1
| #define UNIX /**/
| #define SIZEOF_CHAR 1
| #define SIZEOF_SHORT 2
| #define SIZEOF_INT 4
| #define SIZEOF_LONG 8
| #define SIZEOF_LONG_LONG 8
| #define SIZEOF_VOID_P 8
| #define SIZEOF_OFF_T 8
| #define LP64 /**/
| /* end confdefs.h.  */
| #include <stdio.h>
| #ifdef HAVE_SYS_TYPES_H
| # include <sys/types.h>
| #endif
| #ifdef HAVE_SYS_STAT_H
| # include <sys/stat.h>
| #endif
| #ifdef STDC_HEADERS
| # include <stdlib.h>
| # include <stddef.h>
| #else
| # ifdef HAVE_STDLIB_H
| #  include <stdlib.h>
| # endif
| #endif
| #ifdef HAVE_STRING_H
| # if !defined STDC_HEADERS && defined HAVE_MEMORY_H
| #  include <memory.h>
| # endif
| # include <string.h>
| #endif
| #ifdef HAVE_STRINGS_H
| # include <strings.h>
| #endif
| #ifdef HAVE_INTTYPES_H
| # include <inttypes.h>
| #endif
| #ifdef HAVE_STDINT_H
| # include <stdint.h>
| #endif
| #ifdef HAVE_UNISTD_H
| # include <unistd.h>
| #endif
| #include <gmp.h>
configure:5977: result: no
configure:5977: checking gmp.h presence
configure:5977: /usr/bin/clang -E  conftest.c
conftest.c:38:10: fatal error: 'gmp.h' file not found
   38 | #include <gmp.h>
      |          ^~~~~~~
1 error generated.
configure:5977: $? = 1
configure: failed program was:
| /* confdefs.h */
| #define PACKAGE_NAME "FORM"
| #define PACKAGE_TARNAME "form"
| #define PACKAGE_VERSION "4.2.1"
| #define PACKAGE_STRING "FORM 4.2.1"
| #define PACKAGE_BUGREPORT "https://github.com/vermaseren/form/issues"
| #define PACKAGE_URL ""
| #define PACKAGE "form"
| #define VERSION "4.2.1"
| #define STDC_HEADERS 1
| #define TIME_WITH_SYS_TIME 1
| #define HAVE_SYS_TYPES_H 1
| #define HAVE_SYS_STAT_H 1
| #define HAVE_STDLIB_H 1
| #define HAVE_STRING_H 1
| #define HAVE_MEMORY_H 1
| #define HAVE_STRINGS_H 1
| #define HAVE_INTTYPES_H 1
| #define HAVE_STDINT_H 1
| #define HAVE_UNISTD_H 1
| #define HAVE_FCNTL_H 1
| #define HAVE_LIMITS_H 1
| #define HAVE_SYS_FILE_H 1
| #define HAVE_UNORDERED_MAP 1
| #define HAVE_UNORDERED_SET 1
| #define HAVE_BUILTIN_POPCOUNT 1
| #define HAVE_UNISTD_H 1
| #define UNIX /**/
| #define SIZEOF_CHAR 1
| #define SIZEOF_SHORT 2
| #define SIZEOF_INT 4
| #define SIZEOF_LONG 8
| #define SIZEOF_LONG_LONG 8
| #define SIZEOF_VOID_P 8
| #define SIZEOF_OFF_T 8
| #define LP64 /**/
| /* end confdefs.h.  */
| #include <gmp.h>
configure:5977: result: no
configure:5977: checking for gmp.h
configure:5977: result: no
configure:6042: GMP is not available
configure:6064: checking zlib.h usability
configure:6064: /usr/bin/clang -c   conftest.c >&5
configure:6064: $? = 0
configure:6064: result: yes
configure:6064: checking zlib.h presence
configure:6064: /usr/bin/clang -E  conftest.c
configure:6064: $? = 0
configure:6064: result: yes
configure:6064: checking for zlib.h
configure:6064: result: yes
configure:6074: checking for get_crc_table in -lz
configure:6099: /usr/bin/clang -o conftest    conftest.c -lz   >&5
configure:6099: $? = 0
configure:6108: result: yes
configure:6214: checking whether pthreads works without any flags
configure:6251: /usr/bin/clang -o conftest     conftest.c  -lz  >&5
configure:6251: $? = 0
configure:6258: result: yes
configure:6273: checking for pthread_rwlock_t
configure:6302: /usr/bin/clang -c    conftest.c >&5
configure:6302: $? = 0
configure:6307: result: yes
configure:6318: checking for the POSIX thread clock
configure:6338: /usr/bin/clang -c    conftest.c >&5
configure:6338: $? = 0
configure:6345: result: yes
configure:6350: checking for library containing clock_gettime
configure:6381: /usr/bin/clang -o conftest    conftest.c -lz  >&5
configure:6381: $? = 0
configure:6398: result: none required
configure:6946: checking for library containing clock_gettime
configure:6994: result: none required
configure:7347: checking whether compiler accepts -march=native
configure:7363: /usr/bin/clang -c  -march=native  conftest.c >&5
configure:7363: $? = 0
configure:7368: result: yes
configure:7620: checking for doxygen
configure:7654: result: no
configure:7671: checking for latex
configure:7705: result: no
configure:7712: checking for pdflatex
configure:7746: result: no
configure:7753: checking for dvips
configure:7787: result: no
configure:7794: checking for makeindex
configure:7828: result: no
configure:7835: checking for htlatex
configure:7869: result: no
configure:7876: checking for latex2html
configure:7910: result: no
configure:7967: checking for ruby
configure:7985: found /usr/bin/ruby
configure:7998: result: /usr/bin/ruby
configure:8009: checking whether ruby >= 1.8
configure:8012: result: yes
configure:8016: checking for ruby test/unit
configure:8021: result: yes
configure:8146: checking that generated files are newer than configure
configure:8152: result: done
configure:8251: creating ./config.status

## ---------------------- ##
## Running config.status. ##
## ---------------------- ##

This file was extended by FORM config.status 4.2.1, which was
generated by GNU Autoconf 2.69.  Invocation command line was

  CONFIG_FILES    = 
  CONFIG_HEADERS  = 
  CONFIG_LINKS    = 
  CONFIG_COMMANDS = 
  $ ./config.status 

on E-LOSX4PFJ9.local

config.status:959: creating Makefile
config.status:959: creating sources/Makefile
config.status:959: creating doc/Makefile
config.status:959: creating doc/manual/Makefile
config.status:959: creating doc/manual/manual.tex
config.status:959: creating doc/devref/Makefile
config.status:959: creating doc/devref/devref.tex
config.status:959: creating doc/doxygen/Makefile
config.status:959: creating doc/doxygen/DoxyfileHTML
config.status:959: creating doc/doxygen/DoxyfileLATEX
config.status:959: creating doc/doxygen/DoxyfilePDFLATEX
config.status:959: creating check/Makefile
config.status:959: creating config.h
config.status:1188: executing depfiles commands

## ---------------- ##
## Cache variables. ##
## ---------------- ##

ac_cv_build=arm-apple-darwin24.6.0
ac_cv_c_compiler_gnu=yes
ac_cv_c_inline=inline
ac_cv_cxx_compiler_gnu=yes
ac_cv_env_CCC_set=
ac_cv_env_CCC_value=
ac_cv_env_CC_set=set
ac_cv_env_CC_value=/usr/bin/clang
ac_cv_env_CFLAGS_set=
ac_cv_env_CFLAGS_value=
ac_cv_env_COMPILEFLAGS_set=
ac_cv_env_COMPILEFLAGS_value=
ac_cv_env_CPPFLAGS_set=
ac_cv_env_CPPFLAGS_value=
ac_cv_env_CPP_set=
ac_cv_env_CPP_value=
ac_cv_env_CXXCPP_set=
ac_cv_env_CXXCPP_value=
ac_cv_env_CXXFLAGS_set=
ac_cv_env_CXXFLAGS_value=
ac_cv_env_CXX_set=set
ac_cv_env_CXX_value='/usr/bin/clang++ -std=c++14'
ac_cv_env_DEBUGCOMPILEFLAGS_set=
ac_cv_env_DEBUGCOMPILEFLAGS_value=
ac_cv_env_DEBUGLINKFLAGS_set=
ac_cv_env_DEBUGLINKFLAGS_value=
ac_cv_env_LDFLAGS_set=
ac_cv_env_LDFLAGS_value=
ac_cv_env_LIBS_set=
ac_cv_env_LIBS_value=
ac_cv_env_LINKFLAGS_set=
ac_cv_env_LINKFLAGS_value=
ac_cv_env_MPICC_set=
ac_cv_env_MPICC_value=
ac_cv_env_MPICXX_set=
ac_cv_env_MPICXX_value=
ac_cv_env_build_alias_set=
ac_cv_env_build_alias_value=
ac_cv_env_host_alias_set=
ac_cv_env_host_alias_value=
ac_cv_env_target_alias_set=
ac_cv_env_target_alias_value=
ac_cv_header_boost_unordered_map_hpp=no
ac_cv_header_boost_unordered_set_hpp=no
ac_cv_header_fcntl_h=yes
ac_cv_header_gmp_h=no
ac_cv_header_inttypes_h=yes
ac_cv_header_limits_h=yes
ac_cv_header_memory_h=yes
ac_cv_header_stdc=yes
ac_cv_header_stdint_h=yes
ac_cv_header_stdlib_h=yes
ac_cv_header_string_h=yes
ac_cv_header_strings_h=yes
ac_cv_header_sys_file_h=yes
ac_cv_header_sys_stat_h=yes
ac_cv_header_sys_types_h=yes
ac_cv_header_time=yes
ac_cv_header_tr1_unordered_map=no
ac_cv_header_tr1_unordered_set=no
ac_cv_header_unistd_h=yes
ac_cv_header_unordered_map=yes
ac_cv_header_unordered_set=yes
ac_cv_header_zlib_h=yes
ac_cv_host=arm-apple-darwin24.6.0
ac_cv_lib_z_get_crc_table=yes
ac_cv_objext=o
ac_cv_path_DOXYGEN=
ac_cv_path_DVIPS=
ac_cv_path_EGREP='/usr/bin/grep -E'
ac_cv_path_GREP=/usr/bin/grep
ac_cv_path_HTLATEX=
ac_cv_path_LATEX2HTML=
ac_cv_path_LATEX=
ac_cv_path_MAKEINDEX=
ac_cv_path_PDFLATEX=
ac_cv_path_RUBY=/usr/bin/ruby
ac_cv_path_install='/usr/bin/install -c'
ac_cv_path_mkdir=/opt/homebrew/bin/gmkdir
ac_cv_prog_AWK=awk
ac_cv_prog_CPP='/usr/bin/clang -E'
ac_cv_prog_CXXCPP='/usr/bin/clang++ -std=c++14 -E'
ac_cv_prog_cc_c89=
ac_cv_prog_cc_g=yes
ac_cv_prog_cxx_g=yes
ac_cv_prog_make_make_set=yes
ac_cv_search_clock_gettime='none required'
ac_cv_sizeof_LONG=8
ac_cv_sizeof_WORD=4
ac_cv_sizeof_char=1
ac_cv_sizeof_int=4
ac_cv_sizeof_long=8
ac_cv_sizeof_long_long=8
ac_cv_sizeof_off_t=8
ac_cv_sizeof_short=2
ac_cv_sizeof_void_p=8
ac_cv_sys_file_offset_bits=no
ac_cv_sys_largefile_CC=no
am_cv_CC_dependencies_compiler_type=gcc3
am_cv_CXX_dependencies_compiler_type=gcc3
am_cv_make_support_nested_variables=yes
am_cv_prog_cc_c_o=yes

## ----------------- ##
## Output variables. ##
## ----------------- ##

ACLOCAL='${SHELL} /Users/user/phd/herwig_gh/src/form-4.2.1/build-aux/missing aclocal-1.14'
AMDEPBACKSLASH='\'
AMDEP_FALSE='#'
AMDEP_TRUE=''
AMTAR='$${TAR-tar}'
AM_BACKSLASH='\'
AM_DEFAULT_V='$(AM_DEFAULT_VERBOSITY)'
AM_DEFAULT_VERBOSITY='1'
AM_V='$(V)'
AUTOCONF='${SHELL} /Users/user/phd/herwig_gh/src/form-4.2.1/build-aux/missing autoconf'
AUTOHEADER='${SHELL} /Users/user/phd/herwig_gh/src/form-4.2.1/build-aux/missing autoheader'
AUTOMAKE='${SHELL} /Users/user/phd/herwig_gh/src/form-4.2.1/build-aux/missing automake-1.14'
AUTOMAKE_GE_110_FALSE='#'
AUTOMAKE_GE_110_TRUE=''
AWK='awk'
BUILD_FORM_FALSE='#'
BUILD_FORM_TRUE=''
BUILD_PARFORM_FALSE=''
BUILD_PARFORM_TRUE='#'
BUILD_PARVORM_FALSE=''
BUILD_PARVORM_TRUE='#'
BUILD_TFORM_FALSE='#'
BUILD_TFORM_TRUE=''
BUILD_TVORM_FALSE=''
BUILD_TVORM_TRUE='#'
BUILD_VORM_FALSE=''
BUILD_VORM_TRUE='#'
CC='/usr/bin/clang'
CCDEPMODE='depmode=gcc3'
CFLAGS=''
COMPILEFLAGS='-Wall -Wextra -Wpadded -O3 -fomit-frame-pointer -march=native'
CONFIG_DOXYGEN_FALSE=''
CONFIG_DOXYGEN_TRUE='#'
CONFIG_HTLATEX_FALSE=''
CONFIG_HTLATEX_TRUE='#'
CONFIG_LATEX2HTML_FALSE=''
CONFIG_LATEX2HTML_TRUE='#'
CONFIG_MAKEINDEX_FALSE=''
CONFIG_MAKEINDEX_TRUE='#'
CONFIG_PDF_FALSE=''
CONFIG_PDF_TRUE='#'
CONFIG_PS_FALSE=''
CONFIG_PS_TRUE='#'
CONFIG_RUBY_FALSE='#'
CONFIG_RUBY_TRUE=''
CONFIG_TEX_FALSE=''
CONFIG_TEX_TRUE='#'
CPP='/usr/bin/clang -E'
CPPFLAGS=''
CXX='/usr/bin/clang++ -std=c++14'
CXXCPP='/usr/bin/clang++ -std=c++14 -E'
CXXDEPMODE='depmode=gcc3'
CXXFLAGS=''
CYGPATH_W='echo'
DEBUGCOMPILEFLAGS=''
DEBUGLINKFLAGS=''
DEBUGTOOL_LIBS=''
DEFS='-DHAVE_CONFIG_H'
DEPDIR='.deps'
DOXYGEN=''
DVIPS=''
ECHO_C='\c'
ECHO_N=''
ECHO_T=''
EGREP='/usr/bin/grep -E'
EXEEXT=''
FIXED_VERSION_FALSE='#'
FIXED_VERSION_TRUE=''
GREP='/usr/bin/grep'
HTLATEX=''
INSTALL_DATA='${INSTALL} -m 644'
INSTALL_PROGRAM='${INSTALL}'
INSTALL_SCRIPT='${INSTALL}'
INSTALL_STRIP_PROGRAM='$(install_sh) -c -s'
LATEX2HTML=''
LATEX=''
LDFLAGS=''
LIBOBJS=''
LIBS='-lz '
LINKFLAGS=''
LN_S='ln -s'
LTLIBOBJS=''
MAKEINDEX=''
MAKEINFO='${SHELL} /Users/user/phd/herwig_gh/src/form-4.2.1/build-aux/missing makeinfo'
MKDIR_P='/opt/homebrew/bin/gmkdir -p'
MPICC=''
MPICXX=''
MPI_CFLAGS=''
MPI_CPPFLAGS=''
MPI_CXXFLAGS=''
MPI_STATIC_LDFLAGS=''
OBJEXT='o'
ONUNIX_FALSE='#'
ONUNIX_TRUE=''
ONWINDOWS_FALSE=''
ONWINDOWS_TRUE='#'
PACKAGE='form'
PACKAGE_BUGREPORT='https://github.com/vermaseren/form/issues'
PACKAGE_NAME='FORM'
PACKAGE_STRING='FORM 4.2.1'
PACKAGE_TARNAME='form'
PACKAGE_URL=''
PACKAGE_VERSION='4.2.1'
PATH_SEPARATOR=':'
PDFLATEX=''
PTHREAD_CFLAGS=''
PTHREAD_CPPFLAGS=''
PTHREAD_LIBS=''
RUBY='/usr/bin/ruby'
SET_MAKE=''
SHELL='/bin/sh'
STATIC_LDFLAGS=''
STRIP=''
TOOL_LIBS=''
VERSION='4.2.1'
ac_ct_CC=''
ac_ct_CXX=''
am__EXEEXT_FALSE=''
am__EXEEXT_TRUE='#'
am__fastdepCC_FALSE='#'
am__fastdepCC_TRUE=''
am__fastdepCXX_FALSE='#'
am__fastdepCXX_TRUE=''
am__include='include'
am__isrc=''
am__leading_dot='.'
am__nodep='_no'
am__quote=''
am__tar='$${TAR-tar} chof - "$$tardir"'
am__untar='$${TAR-tar} xf -'
bindir='${exec_prefix}/bin'
build='arm-apple-darwin24.6.0'
build_alias=''
build_cpu='arm'
build_os='darwin24.6.0'
build_vendor='apple'
datadir='${datarootdir}'
datarootdir='${prefix}/share'
docdir='${datarootdir}/doc/${PACKAGE_TARNAME}'
dvidir='${docdir}'
exec_prefix='${prefix}'
host='arm-apple-darwin24.6.0'
host_alias=''
host_cpu='arm'
host_os='darwin24.6.0'
host_vendor='apple'
htmldir='${docdir}'
includedir='${prefix}/include'
infodir='${datarootdir}/info'
install_sh='${SHELL} /Users/user/phd/herwig_gh/src/form-4.2.1/build-aux/install-sh'
libdir='${exec_prefix}/lib'
libexecdir='${exec_prefix}/libexec'
localedir='${datarootdir}/locale'
localstatedir='${prefix}/var'
mandir='${datarootdir}/man'
mkdir_p='$(MKDIR_P)'
oldincludedir='/usr/include'
pdfdir='${docdir}'
prefix='/Users/user/phd/herwig_gh/.'
program_transform_name='s,x,x,'
psdir='${docdir}'
sbindir='${exec_prefix}/sbin'
sharedstatedir='${prefix}/com'
sysconfdir='${prefix}/etc'
target_alias=''

## ----------- ##
## confdefs.h. ##
## ----------- ##

/* confdefs.h */
#define PACKAGE_NAME "FORM"
#define PACKAGE_TARNAME "form"
#define PACKAGE_VERSION "4.2.1"
#define PACKAGE_STRING "FORM 4.2.1"
#define PACKAGE_BUGREPORT "https://github.com/vermaseren/form/issues"
#define PACKAGE_URL ""
#define PACKAGE "form"
#define VERSION "4.2.1"
#define STDC_HEADERS 1
#define TIME_WITH_SYS_TIME 1
#define HAVE_SYS_TYPES_H 1
#define HAVE_SYS_STAT_H 1
#define HAVE_STDLIB_H 1
#define HAVE_STRING_H 1
#define HAVE_MEMORY_H 1
#define HAVE_STRINGS_H 1
#define HAVE_INTTYPES_H 1
#define HAVE_STDINT_H 1
#define HAVE_UNISTD_H 1
#define HAVE_FCNTL_H 1
#define HAVE_LIMITS_H 1
#define HAVE_SYS_FILE_H 1
#define HAVE_UNORDERED_MAP 1
#define HAVE_UNORDERED_SET 1
#define HAVE_BUILTIN_POPCOUNT 1
#define HAVE_UNISTD_H 1
#define UNIX /**/
#define SIZEOF_CHAR 1
#define SIZEOF_SHORT 2
#define SIZEOF_INT 4
#define SIZEOF_LONG 8
#define SIZEOF_LONG_LONG 8
#define SIZEOF_VOID_P 8
#define SIZEOF_OFF_T 8
#define LP64 /**/
#define WITHZLIB /**/
#ifdef WITHPTHREADS
#define WITHPOSIXCLOCK /**/
#endif
#define HAVE_CLOCK_GETTIME 1

configure: exit 0
