This file contains any messages produced by compilers while
running configure, to aid debugging if configure makes a mistake.

It was created by HJets configure 1.3, which was
generated by GNU Autoconf 2.69.  Invocation command line was

  $ ./configure --prefix=/Users/user/phd/herwig_gh/. --with-herwig=/Users/user/phd/herwig_gh/.

## --------- ##
## Platform. ##
## --------- ##

hostname = E-LOSX4PFJ9.local
uname -m = arm64
uname -r = 24.6.0
uname -s = Darwin
uname -v = Darwin Kernel Version 24.6.0: Wed Oct 15 21:12:39 PDT 2025; root:xnu-11417.140.69.703.14~1/RELEASE_ARM64_T8132

/usr/bin/uname -p = arm
/bin/uname -X     = unknown

/bin/arch              = unknown
/usr/bin/arch -k       = unknown
/usr/convex/getsysinfo = unknown
/usr/bin/hostinfo      = Mach kernel version:
	 Darwin Kernel Version 24.6.0: Wed Oct 15 21:12:39 PDT 2025; root:xnu-11417.140.69.703.14~1/RELEASE_ARM64_T8132
Kernel configured for up to 10 processors.
10 processors are physically available.
10 processors are logically available.
Processor type: arm64e (ARM64E)
Processors active: 0 1 2 3 4 5 6 7 8 9
Primary memory available: 16.00 gigabytes
Default processor set: 842 tasks, 3783 threads, 10 processors
Load average: 7.04, Mach factor: 3.42
/bin/machine           = unknown
/usr/bin/oslevel       = unknown
/bin/universe          = unknown

PATH: /Users/user/phd/herwig_gh/./bin
PATH: /Users/user/phd/herwig_gh/.venv/bin
PATH: /usr/local/bin
PATH: /System/Cryptexes/App/usr/bin
PATH: /usr/bin
PATH: /bin
PATH: /usr/sbin
PATH: /sbin
PATH: /var/run/com.apple.security.cryptexd/codex.system/bootstrap/usr/local/bin
PATH: /var/run/com.apple.security.cryptexd/codex.system/bootstrap/usr/bin
PATH: /var/run/com.apple.security.cryptexd/codex.system/bootstrap/usr/appleinternal/bin
PATH: /opt/homebrew/bin
PATH: /usr/local/munki


## ----------- ##
## Core tests. ##
## ----------- ##

configure:2383: checking build system type
configure:2397: result: arm-apple-darwin24.6.0
configure:2417: checking host system type
configure:2430: result: arm-apple-darwin24.6.0
configure:2478: checking for a BSD-compatible install
configure:2546: result: /usr/bin/install -c
configure:2557: checking whether build environment is sane
configure:2612: result: yes
configure:2763: checking for a thread-safe mkdir -p
configure:2802: result: /opt/homebrew/bin/gmkdir -p
configure:2809: checking for gawk
configure:2839: result: no
configure:2809: checking for mawk
configure:2839: result: no
configure:2809: checking for nawk
configure:2839: result: no
configure:2809: checking for awk
configure:2825: found /usr/bin/awk
configure:2836: result: awk
configure:2847: checking whether make sets $(MAKE)
configure:2869: result: yes
configure:2898: checking whether make supports nested variables
configure:2915: result: yes
configure:3010: checking whether make supports nested variables
configure:3027: result: yes
configure:3087: checking for gcc
configure:3114: result: /usr/bin/clang
configure:3343: checking for C compiler version
configure:3352: /usr/bin/clang --version >&5
Apple clang version 17.0.0 (clang-1700.0.13.5)
Target: arm64-apple-darwin24.6.0
Thread model: posix
InstalledDir: /Library/Developer/CommandLineTools/usr/bin
configure:3363: $? = 0
configure:3352: /usr/bin/clang -v >&5
Apple clang version 17.0.0 (clang-1700.0.13.5)
Target: arm64-apple-darwin24.6.0
Thread model: posix
InstalledDir: /Library/Developer/CommandLineTools/usr/bin
configure:3363: $? = 0
configure:3352: /usr/bin/clang -V >&5
clang: error: argument to '-V' is missing (expected 1 value)
clang: error: no input files
configure:3363: $? = 1
configure:3352: /usr/bin/clang -qversion >&5
clang: error: unknown argument '-qversion'; did you mean '--version'?
clang: error: no input files
configure:3363: $? = 1
configure:3383: checking whether the C compiler works
configure:3405: /usr/bin/clang    conftest.c  >&5
configure:3409: $? = 0
configure:3457: result: yes
configure:3460: checking for C compiler default output file name
configure:3462: result: a.out
configure:3468: checking for suffix of executables
configure:3475: /usr/bin/clang -o conftest    conftest.c  >&5
configure:3479: $? = 0
configure:3501: result: 
configure:3523: checking whether we are cross compiling
configure:3531: /usr/bin/clang -o conftest    conftest.c  >&5
configure:3535: $? = 0
configure:3542: ./conftest
configure:3546: $? = 0
configure:3561: result: no
configure:3566: checking for suffix of object files
configure:3588: /usr/bin/clang -c   conftest.c >&5
configure:3592: $? = 0
configure:3613: result: o
configure:3617: checking whether we are using the GNU C compiler
configure:3636: /usr/bin/clang -c   conftest.c >&5
configure:3636: $? = 0
configure:3645: result: yes
configure:3654: checking whether /usr/bin/clang accepts -g
configure:3674: /usr/bin/clang -c -g  conftest.c >&5
configure:3674: $? = 0
configure:3715: result: yes
configure:3732: checking for /usr/bin/clang option to accept ISO C89
configure:3795: /usr/bin/clang  -c -g -O2  conftest.c >&5
conftest.c:17:14: warning: a function definition without a prototype is deprecated in all versions of C and is not supported in C23 [-Wdeprecated-non-prototype]
   17 | static char *e (p, i)
      |              ^
1 warning generated.
configure:3795: $? = 0
configure:3808: result: none needed
configure:3839: checking for style of include used by make
configure:3867: result: GNU
configure:3893: checking dependency style of /usr/bin/clang
configure:4004: result: gcc3
configure:4131: checking for C++ compiler version
configure:4140: /usr/bin/clang++ -std=c++14 --version >&5
Apple clang version 17.0.0 (clang-1700.0.13.5)
Target: arm64-apple-darwin24.6.0
Thread model: posix
InstalledDir: /Library/Developer/CommandLineTools/usr/bin
configure:4151: $? = 0
configure:4140: /usr/bin/clang++ -std=c++14 -v >&5
Apple clang version 17.0.0 (clang-1700.0.13.5)
Target: arm64-apple-darwin24.6.0
Thread model: posix
InstalledDir: /Library/Developer/CommandLineTools/usr/bin
configure:4151: $? = 0
configure:4140: /usr/bin/clang++ -std=c++14 -V >&5
clang++: error: argument to '-V' is missing (expected 1 value)
clang++: error: no input files
configure:4151: $? = 1
configure:4140: /usr/bin/clang++ -std=c++14 -qversion >&5
clang++: error: unknown argument '-qversion'; did you mean '--version'?
clang++: error: no input files
configure:4151: $? = 1
configure:4155: checking whether we are using the GNU C++ compiler
configure:4174: /usr/bin/clang++ -std=c++14 -c   conftest.cpp >&5
configure:4174: $? = 0
configure:4183: result: yes
configure:4192: checking whether /usr/bin/clang++ -std=c++14 accepts -g
configure:4212: /usr/bin/clang++ -std=c++14 -c -g  conftest.cpp >&5
configure:4212: $? = 0
configure:4253: result: yes
configure:4278: checking dependency style of /usr/bin/clang++ -std=c++14
configure:4389: result: gcc3
configure:4412: checking whether /usr/bin/clang++ -std=c++14 supports C++11 features by default
configure:4706: /usr/bin/clang++ -std=c++14 -c -g -O2  conftest.cpp >&5
configure:4706: $? = 0
configure:4713: result: yes
configure:5171: checking for Fortran compiler version
configure:5180: /opt/homebrew/bin/gfortran --version >&5
GNU Fortran (Homebrew GCC 15.2.0) 15.2.0
Copyright (C) 2025 Free Software Foundation, Inc.
This is free software; see the source for copying conditions.  There is NO
warranty; not even for MERCHANTABILITY or FITNESS FOR A PARTICULAR PURPOSE.

configure:5191: $? = 0
configure:5180: /opt/homebrew/bin/gfortran -v >&5
Using built-in specs.
COLLECT_GCC=/opt/homebrew/bin/gfortran
COLLECT_LTO_WRAPPER=/opt/homebrew/Cellar/gcc/15.2.0/bin/../libexec/gcc/aarch64-apple-darwin24/15/lto-wrapper
Target: aarch64-apple-darwin24
Configured with: ../configure --prefix=/opt/homebrew/opt/gcc --libdir=/opt/homebrew/opt/gcc/lib/gcc/current --disable-nls --enable-checking=release --with-gcc-major-version-only --enable-languages=c,c++,objc,obj-c++,fortran --program-suffix=-15 --with-gmp=/opt/homebrew/opt/gmp --with-mpfr=/opt/homebrew/opt/mpfr --with-mpc=/opt/homebrew/opt/libmpc --with-isl=/opt/homebrew/opt/isl --with-zstd=/opt/homebrew/opt/zstd --with-pkgversion='Homebrew GCC 15.2.0' --with-bugurl=https://github.com/Homebrew/homebrew-core/issues --with-system-zlib --build=aarch64-apple-darwin24 --with-sysroot=/Library/Developer/CommandLineTools/SDKs/MacOSX15.sdk
Thread model: posix
Supported LTO compression algorithms: zlib zstd
gcc version 15.2.0 (Homebrew GCC 15.2.0) 
configure:5191: $? = 0
configure:5180: /opt/homebrew/bin/gfortran -V >&5
gfortran: error: unrecognized command-line option '-V'
gfortran: fatal error: no input files
compilation terminated.
configure:5191: $? = 1
configure:5180: /opt/homebrew/bin/gfortran -qversion >&5
gfortran: error: unrecognized command-line option '-qversion'; did you mean '--version'?
gfortran: fatal error: no input files
compilation terminated.
configure:5191: $? = 1
configure:5200: checking whether we are using the GNU Fortran compiler
configure:5213: /opt/homebrew/bin/gfortran -c   conftest.F >&5
configure:5213: $? = 0
configure:5222: result: yes
configure:5228: checking whether /opt/homebrew/bin/gfortran accepts -g
configure:5239: /opt/homebrew/bin/gfortran -c -g  conftest.f >&5
configure:5239: $? = 0
configure:5247: result: yes
configure:5280: checking whether make sets $(MAKE)
configure:5302: result: yes
configure:5311: checking whether ln -s works
configure:5315: result: yes
configure:5371: checking for ar
configure:5387: found /usr/bin/ar
configure:5398: result: ar
configure:5424: checking the archiver (ar) interface
configure:5434: /usr/bin/clang++ -std=c++14 -c -g -O2  conftest.cpp >&5
configure:5434: $? = 0
configure:5436: ar cru libconftest.a conftest.o >&5
configure:5439: $? = 0
configure:5462: result: ar
configure:5530: checking how to print strings
configure:5557: result: printf
configure:5578: checking for a sed that does not truncate output
configure:5642: result: /usr/bin/sed
configure:5660: checking for grep that handles long lines and -e
configure:5718: result: /usr/bin/grep
configure:5723: checking for egrep
configure:5785: result: /usr/bin/grep -E
configure:5790: checking for fgrep
configure:5852: result: /usr/bin/grep -F
configure:5887: checking for ld used by /usr/bin/clang
configure:5954: result: /Library/Developer/CommandLineTools/usr/bin/ld
configure:5961: checking if the linker (/Library/Developer/CommandLineTools/usr/bin/ld) is GNU ld
configure:5976: result: no
configure:5988: checking for BSD- or MS-compatible name lister (nm)
configure:6037: result: /usr/bin/nm -B
configure:6167: checking the name lister (/usr/bin/nm -B) interface
configure:6174: /usr/bin/clang++ -std=c++14 -c -g -O2  conftest.cpp >&5
configure:6177: /usr/bin/nm -B "conftest.o"
configure:6180: output
000000000000023c S _some_variable
0000000000000000 t ltmp0
000000000000023c s ltmp1
configure:6187: result: BSD nm
configure:6191: checking the maximum length of command line arguments
configure:6321: result: 786432
configure:6338: checking whether the shell understands some XSI constructs
configure:6348: result: yes
configure:6352: checking whether the shell understands "+="
configure:6358: result: yes
configure:6393: checking how to convert arm-apple-darwin24.6.0 file names to arm-apple-darwin24.6.0 format
configure:6433: result: func_convert_file_noop
configure:6440: checking how to convert arm-apple-darwin24.6.0 file names to toolchain format
configure:6460: result: func_convert_file_noop
configure:6467: checking for /Library/Developer/CommandLineTools/usr/bin/ld option to reload object files
configure:6474: result: -r
configure:6548: checking for objdump
configure:6564: found /usr/bin/objdump
configure:6575: result: objdump
configure:6607: checking how to recognize dependent libraries
configure:6809: result: pass_all
configure:6894: checking for dlltool
configure:6924: result: no
configure:6954: checking how to associate runtime and link libraries
configure:6981: result: printf %s\n
configure:7105: checking for archiver @FILE support
configure:7122: /usr/bin/clang++ -std=c++14 -c -g -O2  conftest.cpp >&5
configure:7122: $? = 0
configure:7125: ar cru libconftest.a @conftest.lst >&5
ar: @conftest.lst: No such file or directory
configure:7128: $? = 1
configure:7148: result: no
configure:7206: checking for strip
configure:7222: found /usr/bin/strip
configure:7233: result: strip
configure:7305: checking for ranlib
configure:7321: found /usr/bin/ranlib
configure:7332: result: ranlib
configure:7434: checking command to parse /usr/bin/nm -B output from /usr/bin/clang object
configure:7554: /usr/bin/clang++ -std=c++14 -c -g -O2  conftest.cpp >&5
configure:7557: $? = 0
configure:7561: /usr/bin/nm -B conftest.o \| sed -n -e 's/^.*[ ]\([ABCDGIRSTW][ABCDGIRSTW]*\)[ ][ ]*\([_A-Za-z][_A-Za-z0-9]*\)$/\1 \2 \2/p' | sed '/ __gnu_lto/d' \> conftest.nm
configure:7564: $? = 0
cannot find nm_test_var in conftest.nm
configure:7554: /usr/bin/clang++ -std=c++14 -c -g -O2  conftest.cpp >&5
configure:7557: $? = 0
configure:7561: /usr/bin/nm -B conftest.o \| sed -n -e 's/^.*[ ]\([ABCDGIRSTW][ABCDGIRSTW]*\)[ ][ ]*_\([_A-Za-z][_A-Za-z0-9]*\)$/\1 _\2 \2/p' | sed '/ __gnu_lto/d' \> conftest.nm
configure:7564: $? = 0
configure:7630: /usr/bin/clang++ -std=c++14 -o conftest -g -O2   conftest.cpp conftstm.o >&5
configure:7633: $? = 0
configure:7671: result: ok
configure:7708: checking for sysroot
configure:7738: result: no
configure:7995: checking for mt
configure:8025: result: no
configure:8045: checking if : is a manifest tool
configure:8051: : '-?'
configure:8059: result: no
configure:8115: checking for dsymutil
configure:8131: found /usr/bin/dsymutil
configure:8142: result: dsymutil
configure:8207: checking for nmedit
configure:8223: found /usr/bin/nmedit
configure:8234: result: nmedit
configure:8299: checking for lipo
configure:8315: found /usr/bin/lipo
configure:8326: result: lipo
configure:8391: checking for otool
configure:8407: found /usr/bin/otool
configure:8418: result: otool
configure:8483: checking for otool64
configure:8513: result: no
configure:8558: checking for -single_module linker flag
/usr/bin/clang -g -O2  -o libconftest.dylib -dynamiclib -Wl,-single_module conftest.c
ld: warning: -single_module is obsolete
configure:8591: result: no
configure:8594: checking for -exported_symbols_list linker flag
configure:8614: /usr/bin/clang++ -std=c++14 -o conftest -g -O2   -Wl,-exported_symbols_list,conftest.sym conftest.cpp  >&5
configure:8614: $? = 0
configure:8624: result: yes
configure:8627: checking for -force_load linker flag
/usr/bin/clang -g -O2 -c -o conftest.o conftest.c
ar cru libconftest.a conftest.o
ranlib libconftest.a
/usr/bin/clang -g -O2  -o conftest conftest.c -Wl,-force_load,./libconftest.a
configure:8659: result: yes
configure:8701: checking how to run the C preprocessor
configure:8732: /usr/bin/clang -E  conftest.c
configure:8732: $? = 0
configure:8746: /usr/bin/clang -E  conftest.c
conftest.c:12:10: fatal error: 'ac_nonexistent.h' file not found
   12 | #include <ac_nonexistent.h>
      |          ^~~~~~~~~~~~~~~~~~
1 error generated.
configure:8746: $? = 1
configure: failed program was:
| /* confdefs.h */
| #define PACKAGE_NAME "HJets"
| #define PACKAGE_TARNAME "HJets"
| #define PACKAGE_VERSION "1.3"
| #define PACKAGE_STRING "HJets 1.3"
| #define PACKAGE_BUGREPORT "simon.plaetzer@gmail.com"
| #define PACKAGE_URL ""
| #define PACKAGE "HJets"
| #define VERSION "1.3"
| #define HAVE_CXX11 1
| /* end confdefs.h.  */
| #include <ac_nonexistent.h>
configure:8771: result: /usr/bin/clang -E
configure:8791: /usr/bin/clang -E  conftest.c
configure:8791: $? = 0
configure:8805: /usr/bin/clang -E  conftest.c
conftest.c:12:10: fatal error: 'ac_nonexistent.h' file not found
   12 | #include <ac_nonexistent.h>
      |          ^~~~~~~~~~~~~~~~~~
1 error generated.
configure:8805: $? = 1
configure: failed program was:
| /* confdefs.h */
| #define PACKAGE_NAME "HJets"
| #define PACKAGE_TARNAME "HJets"
| #define PACKAGE_VERSION "1.3"
| #define PACKAGE_STRING "HJets 1.3"
| #define PACKAGE_BUGREPORT "simon.plaetzer@gmail.com"
| #define PACKAGE_URL ""
| #define PACKAGE "HJets"
| #define VERSION "1.3"
| #define HAVE_CXX11 1
| /* end confdefs.h.  */
| #include <ac_nonexistent.h>
configure:8834: checking for ANSI C header files
configure:8854: /usr/bin/clang -c -g -O2  conftest.c >&5
configure:8854: $? = 0
configure:8927: /usr/bin/clang -o conftest -g -O2   conftest.c  >&5
configure:8927: $? = 0
configure:8927: ./conftest
configure:8927: $? = 0
configure:8938: result: yes
configure:8951: checking for sys/types.h
configure:8951: /usr/bin/clang -c -g -O2  conftest.c >&5
configure:8951: $? = 0
configure:8951: result: yes
configure:8951: checking for sys/stat.h
configure:8951: /usr/bin/clang -c -g -O2  conftest.c >&5
configure:8951: $? = 0
configure:8951: result: yes
configure:8951: checking for stdlib.h
configure:8951: /usr/bin/clang -c -g -O2  conftest.c >&5
configure:8951: $? = 0
configure:8951: result: yes
configure:8951: checking for string.h
configure:8951: /usr/bin/clang -c -g -O2  conftest.c >&5
configure:8951: $? = 0
configure:8951: result: yes
configure:8951: checking for memory.h
configure:8951: /usr/bin/clang -c -g -O2  conftest.c >&5
configure:8951: $? = 0
configure:8951: result: yes
configure:8951: checking for strings.h
configure:8951: /usr/bin/clang -c -g -O2  conftest.c >&5
configure:8951: $? = 0
configure:8951: result: yes
configure:8951: checking for inttypes.h
configure:8951: /usr/bin/clang -c -g -O2  conftest.c >&5
configure:8951: $? = 0
configure:8951: result: yes
configure:8951: checking for stdint.h
configure:8951: /usr/bin/clang -c -g -O2  conftest.c >&5
configure:8951: $? = 0
configure:8951: result: yes
configure:8951: checking for unistd.h
configure:8951: /usr/bin/clang -c -g -O2  conftest.c >&5
configure:8951: $? = 0
configure:8951: result: yes
configure:8965: checking for dlfcn.h
configure:8965: /usr/bin/clang -c -g -O2  conftest.c >&5
configure:8965: $? = 0
configure:8965: result: yes
configure:9179: checking for objdir
configure:9194: result: .libs
configure:9465: checking if /usr/bin/clang supports -fno-rtti -fno-exceptions
configure:9483: /usr/bin/clang -c -g -O2  -fno-rtti -fno-exceptions conftest.c >&5
configure:9487: $? = 0
configure:9500: result: yes
configure:9827: checking for /usr/bin/clang option to produce PIC
configure:9834: result: -fno-common -DPIC
configure:9842: checking if /usr/bin/clang PIC flag -fno-common -DPIC works
configure:9860: /usr/bin/clang -c -g -O2  -fno-common -DPIC -DPIC conftest.c >&5
configure:9864: $? = 0
configure:9877: result: yes
configure:9906: checking if /usr/bin/clang static flag -static works
configure:9934: result: no
configure:9949: checking if /usr/bin/clang supports -c -o file.o
configure:9970: /usr/bin/clang -c -g -O2  -o out/conftest2.o conftest.c >&5
configure:9974: $? = 0
configure:9996: result: yes
configure:10004: checking if /usr/bin/clang supports -c -o file.o
configure:10051: result: yes
configure:10084: checking whether the /usr/bin/clang linker (/Library/Developer/CommandLineTools/usr/bin/ld) supports shared libraries
configure:11237: result: yes
configure:11477: checking dynamic linker characteristics
configure:12214: result: darwin24.6.0 dyld
configure:12321: checking how to hardcode library paths into programs
configure:12346: result: immediate
configure:12391: checking for dlopen in -ldl
configure:12416: /usr/bin/clang -o conftest -g -O2   conftest.c -ldl   >&5
configure:12416: $? = 0
configure:12425: result: yes
configure:12640: checking whether a program can dlopen itself
configure:12720: /usr/bin/clang -o conftest -g -O2  -DHAVE_DLFCN_H   conftest.c -ldl  >&5
configure:12723: $? = 0
configure:12741: result: yes
configure:12746: checking whether a statically linked program can dlopen itself
configure:12826: /usr/bin/clang -o conftest -g -O2  -DHAVE_DLFCN_H    conftest.c -ldl  >&5
configure:12829: $? = 0
configure:12847: result: yes
configure:12886: checking whether stripping libraries is possible
configure:12900: result: yes
configure:12926: checking if libtool supports shared libraries
configure:12928: result: yes
configure:12931: checking whether to build shared libraries
configure:12952: result: yes
configure:12955: checking whether to build static libraries
configure:12959: result: no
configure:12982: checking how to run the C++ preprocessor
configure:13009: /usr/bin/clang++ -std=c++14 -E  conftest.cpp
configure:13009: $? = 0
configure:13023: /usr/bin/clang++ -std=c++14 -E  conftest.cpp
conftest.cpp:24:10: fatal error: 'ac_nonexistent.h' file not found
   24 | #include <ac_nonexistent.h>
      |          ^~~~~~~~~~~~~~~~~~
1 error generated.
configure:13023: $? = 1
configure: failed program was:
| /* confdefs.h */
| #define PACKAGE_NAME "HJets"
| #define PACKAGE_TARNAME "HJets"
| #define PACKAGE_VERSION "1.3"
| #define PACKAGE_STRING "HJets 1.3"
| #define PACKAGE_BUGREPORT "simon.plaetzer@gmail.com"
| #define PACKAGE_URL ""
| #define PACKAGE "HJets"
| #define VERSION "1.3"
| #define HAVE_CXX11 1
| #define STDC_HEADERS 1
| #define HAVE_SYS_TYPES_H 1
| #define HAVE_SYS_STAT_H 1
| #define HAVE_STDLIB_H 1
| #define HAVE_STRING_H 1
| #define HAVE_MEMORY_H 1
| #define HAVE_STRINGS_H 1
| #define HAVE_INTTYPES_H 1
| #define HAVE_STDINT_H 1
| #define HAVE_UNISTD_H 1
| #define HAVE_DLFCN_H 1
| #define LT_OBJDIR ".libs/"
| /* end confdefs.h.  */
| #include <ac_nonexistent.h>
configure:13048: result: /usr/bin/clang++ -std=c++14 -E
configure:13068: /usr/bin/clang++ -std=c++14 -E  conftest.cpp
configure:13068: $? = 0
configure:13082: /usr/bin/clang++ -std=c++14 -E  conftest.cpp
conftest.cpp:24:10: fatal error: 'ac_nonexistent.h' file not found
   24 | #include <ac_nonexistent.h>
      |          ^~~~~~~~~~~~~~~~~~
1 error generated.
configure:13082: $? = 1
configure: failed program was:
| /* confdefs.h */
| #define PACKAGE_NAME "HJets"
| #define PACKAGE_TARNAME "HJets"
| #define PACKAGE_VERSION "1.3"
| #define PACKAGE_STRING "HJets 1.3"
| #define PACKAGE_BUGREPORT "simon.plaetzer@gmail.com"
| #define PACKAGE_URL ""
| #define PACKAGE "HJets"
| #define VERSION "1.3"
| #define HAVE_CXX11 1
| #define STDC_HEADERS 1
| #define HAVE_SYS_TYPES_H 1
| #define HAVE_SYS_STAT_H 1
| #define HAVE_STDLIB_H 1
| #define HAVE_STRING_H 1
| #define HAVE_MEMORY_H 1
| #define HAVE_STRINGS_H 1
| #define HAVE_INTTYPES_H 1
| #define HAVE_STDINT_H 1
| #define HAVE_UNISTD_H 1
| #define HAVE_DLFCN_H 1
| #define LT_OBJDIR ".libs/"
| /* end confdefs.h.  */
| #include <ac_nonexistent.h>
configure:13251: checking for ld used by /usr/bin/clang++ -std=c++14
configure:13318: result: /Library/Developer/CommandLineTools/usr/bin/ld
configure:13325: checking if the linker (/Library/Developer/CommandLineTools/usr/bin/ld) is GNU ld
configure:13340: result: no
configure:13395: checking whether the /usr/bin/clang++ -std=c++14 linker (/Library/Developer/CommandLineTools/usr/bin/ld) supports shared libraries
configure:14400: result: yes
configure:14436: /usr/bin/clang++ -std=c++14 -c -g -O2  conftest.cpp >&5
configure:14439: $? = 0
configure:14959: checking for /usr/bin/clang++ -std=c++14 option to produce PIC
configure:14966: result: -fno-common -DPIC
configure:14974: checking if /usr/bin/clang++ -std=c++14 PIC flag -fno-common -DPIC works
configure:14992: /usr/bin/clang++ -std=c++14 -c -g -O2  -fno-common -DPIC -DPIC conftest.cpp >&5
configure:14996: $? = 0
configure:15009: result: yes
configure:15032: checking if /usr/bin/clang++ -std=c++14 static flag -static works
configure:15060: result: no
configure:15072: checking if /usr/bin/clang++ -std=c++14 supports -c -o file.o
configure:15093: /usr/bin/clang++ -std=c++14 -c -g -O2  -o out/conftest2.o conftest.cpp >&5
configure:15097: $? = 0
configure:15119: result: yes
configure:15124: checking if /usr/bin/clang++ -std=c++14 supports -c -o file.o
configure:15171: result: yes
configure:15201: checking whether the /usr/bin/clang++ -std=c++14 linker (/Library/Developer/CommandLineTools/usr/bin/ld) supports shared libraries
configure:15237: result: yes
configure:15378: checking dynamic linker characteristics
configure:16049: result: darwin24.6.0 dyld
configure:16102: checking how to hardcode library paths into programs
configure:16127: result: immediate
configure:16280: checking if libtool supports shared libraries
configure:16282: result: yes
configure:16285: checking whether to build shared libraries
configure:16305: result: yes
configure:16308: checking whether to build static libraries
configure:16312: result: no
configure:16346: /opt/homebrew/bin/gfortran -c -g -O2  conftest.f >&5
configure:16349: $? = 0
configure:16778: checking for /opt/homebrew/bin/gfortran option to produce PIC
configure:16785: result: -fno-common
configure:16793: checking if /opt/homebrew/bin/gfortran PIC flag -fno-common works
configure:16811: /opt/homebrew/bin/gfortran -c -g -O2 -fno-common  conftest.f >&5
configure:16815: $? = 0
configure:16828: result: yes
configure:16851: checking if /opt/homebrew/bin/gfortran static flag -static works
configure:16879: result: no
configure:16891: checking if /opt/homebrew/bin/gfortran supports -c -o file.o
configure:16912: /opt/homebrew/bin/gfortran -c -g -O2 -o out/conftest2.o  conftest.f >&5
configure:16916: $? = 0
configure:16938: result: yes
configure:16943: checking if /opt/homebrew/bin/gfortran supports -c -o file.o
configure:16990: result: yes
configure:17020: checking whether the /opt/homebrew/bin/gfortran linker (/Library/Developer/CommandLineTools/usr/bin/ld) supports shared libraries
configure:18123: result: yes
configure:18264: checking dynamic linker characteristics
configure:18929: result: darwin24.6.0 dyld
configure:18982: checking how to hardcode library paths into programs
configure:19007: result: immediate
configure:19061: checking for Herwig 7 in
configure:19071: result: /Users/user/phd/herwig_gh/.
configure:19076: checking for /Users/user/phd/herwig_gh/./bin/herwig-config
configure:19090: result: yes
configure:19285: checking that generated files are newer than configure
configure:19291: result: done
configure:19318: creating ./config.status

## ---------------------- ##
## Running config.status. ##
## ---------------------- ##

This file was extended by HJets config.status 1.3, which was
generated by GNU Autoconf 2.69.  Invocation command line was

  CONFIG_FILES    = 
  CONFIG_HEADERS  = 
  CONFIG_LINKS    = 
  CONFIG_COMMANDS = 
  $ ./config.status 

on E-LOSX4PFJ9.local

config.status:1134: creating Amplitudes/Makefile
config.status:1134: creating Amplitudes/AmplitudeBase.cc
config.status:1134: creating Virtuals/Amplitudes/Makefile
config.status:1134: creating Virtuals/Integrals/Makefile
config.status:1134: creating Virtuals/MatrixElement/Makefile
config.status:1134: creating Virtuals/TenRed/Makefile
config.status:1134: creating Virtuals/Utilities/Makefile
config.status:1134: creating Virtuals/OneLOop/Makefile
config.status:1134: creating Virtuals/Makefile
config.status:1134: creating include/Makefile
config.status:1134: creating src/Makefile
config.status:1134: creating Makefile
config.status:1306: executing depfiles commands
config.status:1306: executing libtool commands

## ---------------- ##
## Cache variables. ##
## ---------------- ##

ac_cv_build=arm-apple-darwin24.6.0
ac_cv_c_compiler_gnu=yes
ac_cv_cxx_compiler_gnu=yes
ac_cv_env_CCC_set=
ac_cv_env_CCC_value=
ac_cv_env_CC_set=set
ac_cv_env_CC_value=/usr/bin/clang
ac_cv_env_CFLAGS_set=
ac_cv_env_CFLAGS_value=
ac_cv_env_CPPFLAGS_set=
ac_cv_env_CPPFLAGS_value=
ac_cv_env_CPP_set=
ac_cv_env_CPP_value=
ac_cv_env_CXXCPP_set=
ac_cv_env_CXXCPP_value=
ac_cv_env_CXXFLAGS_set=
ac_cv_env_CXXFLAGS_value=
ac_cv_env_CXX_set=set
ac_cv_env_CXX_value='/usr/bin/clang++ -std=c++14'
ac_cv_env_FCFLAGS_set=
ac_cv_env_FCFLAGS_value=
ac_cv_env_FC_set=set
ac_cv_env_FC_value=/opt/homebrew/bin/gfortran
ac_cv_env_LDFLAGS_set=
ac_cv_env_LDFLAGS_value=
ac_cv_env_LIBS_set=
ac_cv_env_LIBS_value=
ac_cv_env_build_alias_set=
ac_cv_env_build_alias_value=
ac_cv_env_host_alias_set=
ac_cv_env_host_alias_value=
ac_cv_env_target_alias_set=
ac_cv_env_target_alias_value=
ac_cv_fc_compiler_gnu=yes
ac_cv_file__Users_user_phd_herwig_gh___bin_herwig_config=yes
ac_cv_header_dlfcn_h=yes
ac_cv_header_inttypes_h=yes
ac_cv_header_memory_h=yes
ac_cv_header_stdc=yes
ac_cv_header_stdint_h=yes
ac_cv_header_stdlib_h=yes
ac_cv_header_string_h=yes
ac_cv_header_strings_h=yes
ac_cv_header_sys_stat_h=yes
ac_cv_header_sys_types_h=yes
ac_cv_header_unistd_h=yes
ac_cv_host=arm-apple-darwin24.6.0
ac_cv_lib_dl_dlopen=yes
ac_cv_objext=o
ac_cv_path_EGREP='/usr/bin/grep -E'
ac_cv_path_FGREP='/usr/bin/grep -F'
ac_cv_path_GREP=/usr/bin/grep
ac_cv_path_SED=/usr/bin/sed
ac_cv_path_install='/usr/bin/install -c'
ac_cv_path_mkdir=/opt/homebrew/bin/gmkdir
ac_cv_prog_AWK=awk
ac_cv_prog_CPP='/usr/bin/clang -E'
ac_cv_prog_CXXCPP='/usr/bin/clang++ -std=c++14 -E'
ac_cv_prog_ac_ct_AR=ar
ac_cv_prog_ac_ct_CC=/usr/bin/clang
ac_cv_prog_ac_ct_DSYMUTIL=dsymutil
ac_cv_prog_ac_ct_LIPO=lipo
ac_cv_prog_ac_ct_NMEDIT=nmedit
ac_cv_prog_ac_ct_OBJDUMP=objdump
ac_cv_prog_ac_ct_OTOOL=otool
ac_cv_prog_ac_ct_RANLIB=ranlib
ac_cv_prog_ac_ct_STRIP=strip
ac_cv_prog_cc_c89=
ac_cv_prog_cc_g=yes
ac_cv_prog_cxx_g=yes
ac_cv_prog_fc_g=yes
ac_cv_prog_make_make_set=yes
am_cv_CC_dependencies_compiler_type=gcc3
am_cv_CXX_dependencies_compiler_type=gcc3
am_cv_ar_interface=ar
am_cv_make_support_nested_variables=yes
ax_cv_cxx_compile_cxx11=yes
lt_cv_apple_cc_single_mod=no
lt_cv_ar_at_file=no
lt_cv_deplibs_check_method=pass_all
lt_cv_dlopen=dlopen
lt_cv_dlopen_libs=-ldl
lt_cv_dlopen_self=yes
lt_cv_dlopen_self_static=yes
lt_cv_file_magic_cmd='$MAGIC_CMD'
lt_cv_file_magic_test_file=
lt_cv_ld_exported_symbols_list=yes
lt_cv_ld_force_load=yes
lt_cv_ld_reload_flag=-r
lt_cv_nm_interface='BSD nm'
lt_cv_objdir=.libs
lt_cv_path_LD=/Library/Developer/CommandLineTools/usr/bin/ld
lt_cv_path_LDCXX=/Library/Developer/CommandLineTools/usr/bin/ld
lt_cv_path_NM='/usr/bin/nm -B'
lt_cv_path_mainfest_tool=no
lt_cv_prog_compiler_c_o=yes
lt_cv_prog_compiler_c_o_CXX=yes
lt_cv_prog_compiler_c_o_FC=yes
lt_cv_prog_compiler_pic='-fno-common -DPIC'
lt_cv_prog_compiler_pic_CXX='-fno-common -DPIC'
lt_cv_prog_compiler_pic_FC=-fno-common
lt_cv_prog_compiler_pic_works=yes
lt_cv_prog_compiler_pic_works_CXX=yes
lt_cv_prog_compiler_pic_works_FC=yes
lt_cv_prog_compiler_rtti_exceptions=yes
lt_cv_prog_compiler_static_works=no
lt_cv_prog_compiler_static_works_CXX=no
lt_cv_prog_compiler_static_works_FC=no
lt_cv_prog_gnu_ld=no
lt_cv_prog_gnu_ldcxx=no
lt_cv_sharedlib_from_linklib_cmd='printf %s\n'
lt_cv_sys_global_symbol_pipe='sed -n -e '\''s/^.*[	 ]\([ABCDGIRSTW][ABCDGIRSTW]*\)[	 ][	 ]*_\([_A-Za-z][_A-Za-z0-9]*\)$/\1 _\2 \2/p'\'' | sed '\''/ __gnu_lto/d'\'''
lt_cv_sys_global_symbol_to_c_name_address='sed -n -e '\''s/^: \([^ ]*\)[ ]*$/  {\"\1\", (void *) 0},/p'\'' -e '\''s/^[ABCDGIRSTW]* \([^ ]*\) \([^ ]*\)$/  {"\2", (void *) \&\2},/p'\'''
lt_cv_sys_global_symbol_to_c_name_address_lib_prefix='sed -n -e '\''s/^: \([^ ]*\)[ ]*$/  {\"\1\", (void *) 0},/p'\'' -e '\''s/^[ABCDGIRSTW]* \([^ ]*\) \(lib[^ ]*\)$/  {"\2", (void *) \&\2},/p'\'' -e '\''s/^[ABCDGIRSTW]* \([^ ]*\) \([^ ]*\)$/  {"lib\2", (void *) \&\2},/p'\'''
lt_cv_sys_global_symbol_to_cdecl='sed -n -e '\''s/^T .* \(.*\)$/extern int \1();/p'\'' -e '\''s/^[ABCDGIRSTW]* .* \(.*\)$/extern char \1;/p'\'''
lt_cv_sys_max_cmd_len=786432
lt_cv_to_host_file_cmd=func_convert_file_noop
lt_cv_to_tool_file_cmd=func_convert_file_noop

## ----------------- ##
## Output variables. ##
## ----------------- ##

ACLOCAL='${SHELL} /Users/user/phd/herwig_gh/src/HJets-1.3/config/missing aclocal-1.13'
AMDEPBACKSLASH='\'
AMDEP_FALSE='#'
AMDEP_TRUE=''
AMTAR='$${TAR-tar}'
AM_BACKSLASH='\'
AM_CPPFLAGS='-I$(top_builddir)/include -I/Users/user/phd/herwig_gh/./include -I/opt/homebrew/Cellar/thepeg/2.3.0_1//include -I/opt/homebrew/Cellar/boost/1.89.0//include -I/opt/homebrew/Cellar/gsl/2.8//include'
AM_DEFAULT_V='$(AM_DEFAULT_VERBOSITY)'
AM_DEFAULT_VERBOSITY='0'
AM_FCFLAGS=' -fno-automatic -ffixed-line-length-none'
AM_FFLAGS=' -fno-automatic -ffixed-line-length-none'
AM_LDFLAGS='-L/opt/homebrew/Cellar/thepeg/2.3.0_1//lib/ThePEG -lThePEG'
AM_V='$(V)'
AR='ar'
AUTOCONF='${SHELL} /Users/user/phd/herwig_gh/src/HJets-1.3/config/missing autoconf'
AUTOHEADER='${SHELL} /Users/user/phd/herwig_gh/src/HJets-1.3/config/missing autoheader'
AUTOMAKE='${SHELL} /Users/user/phd/herwig_gh/src/HJets-1.3/config/missing automake-1.13'
AWK='awk'
CC='/usr/bin/clang'
CCDEPMODE='depmode=gcc3'
CFLAGS='-g -O2'
CPP='/usr/bin/clang -E'
CPPFLAGS=''
CXX='/usr/bin/clang++ -std=c++14'
CXXCPP='/usr/bin/clang++ -std=c++14 -E'
CXXDEPMODE='depmode=gcc3'
CXXFLAGS='-g -O2'
CYGPATH_W='echo'
DEFS='-DPACKAGE_NAME=\"HJets\" -DPACKAGE_TARNAME=\"HJets\" -DPACKAGE_VERSION=\"1.3\" -DPACKAGE_STRING=\"HJets\ 1.3\" -DPACKAGE_BUGREPORT=\"simon.plaetzer@gmail.com\" -DPACKAGE_URL=\"\" -DPACKAGE=\"HJets\" -DVERSION=\"1.3\" -DHAVE_CXX11=1 -DSTDC_HEADERS=1 -DHAVE_SYS_TYPES_H=1 -DHAVE_SYS_STAT_H=1 -DHAVE_STDLIB_H=1 -DHAVE_STRING_H=1 -DHAVE_MEMORY_H=1 -DHAVE_STRINGS_H=1 -DHAVE_INTTYPES_H=1 -DHAVE_STDINT_H=1 -DHAVE_UNISTD_H=1 -DHAVE_DLFCN_H=1 -DLT_OBJDIR=\".libs/\" -DHAVE__USERS_USER_PHD_HERWIG_GH___BIN_HERWIG_CONFIG=1'
DEPDIR='.deps'
DLLTOOL='false'
DSYMUTIL='dsymutil'
DUMPBIN=''
ECHO_C='\c'
ECHO_N=''
ECHO_T=''
EGREP='/usr/bin/grep -E'
EXEEXT=''
F77='/opt/homebrew/bin/gfortran'
FC='/opt/homebrew/bin/gfortran'
FCFLAGS='-g -O2'
FGREP='/usr/bin/grep -F'
GREP='/usr/bin/grep'
HAVE_CXX11='1'
INSTALL_DATA='${INSTALL} -m 644'
INSTALL_PROGRAM='${INSTALL}'
INSTALL_SCRIPT='${INSTALL}'
INSTALL_STRIP_PROGRAM='$(install_sh) -c -s'
LD='/Library/Developer/CommandLineTools/usr/bin/ld'
LDFLAGS=''
LIBOBJS=''
LIBS=''
LIBTOOL='$(SHELL) $(top_builddir)/libtool'
LIPO='lipo'
LN_S='ln -s'
LTLIBOBJS=''
MAKEINFO='${SHELL} /Users/user/phd/herwig_gh/src/HJets-1.3/config/missing makeinfo'
MANIFEST_TOOL=':'
MKDIR_P='/opt/homebrew/bin/gmkdir -p'
NM='/usr/bin/nm -B'
NMEDIT='nmedit'
OBJDUMP='objdump'
OBJEXT='o'
OTOOL64=':'
OTOOL='otool'
PACKAGE='HJets'
PACKAGE_BUGREPORT='simon.plaetzer@gmail.com'
PACKAGE_NAME='HJets'
PACKAGE_STRING='HJets 1.3'
PACKAGE_TARNAME='HJets'
PACKAGE_URL=''
PACKAGE_VERSION='1.3'
PATH_SEPARATOR=':'
RANLIB='ranlib'
SED='/usr/bin/sed'
SET_MAKE=''
SHELL='/bin/sh'
STRIP='strip'
VERSION='1.3'
ac_ct_AR='ar'
ac_ct_CC='/usr/bin/clang'
ac_ct_CXX=''
ac_ct_DUMPBIN=''
ac_ct_FC=''
am__EXEEXT_FALSE=''
am__EXEEXT_TRUE='#'
am__fastdepCC_FALSE='#'
am__fastdepCC_TRUE=''
am__fastdepCXX_FALSE='#'
am__fastdepCXX_TRUE=''
am__include='include'
am__isrc=''
am__leading_dot='.'
am__nodep='_no'
am__quote=''
am__tar='$${TAR-tar} chof - "$$tardir"'
am__untar='$${TAR-tar} xf -'
bindir='${exec_prefix}/bin'
build='arm-apple-darwin24.6.0'
build_alias=''
build_cpu='arm'
build_os='darwin24.6.0'
build_vendor='apple'
datadir='${datarootdir}'
datarootdir='${prefix}/share'
docdir='${datarootdir}/doc/${PACKAGE_TARNAME}'
dvidir='${docdir}'
exec_prefix='${prefix}'
host='arm-apple-darwin24.6.0'
host_alias=''
host_cpu='arm'
host_os='darwin24.6.0'
host_vendor='apple'
htmldir='${docdir}'
includedir='${prefix}/include'
infodir='${datarootdir}/info'
install_sh='${SHELL} /Users/user/phd/herwig_gh/src/HJets-1.3/config/install-sh'
libdir='${exec_prefix}/lib'
libexecdir='${exec_prefix}/libexec'
localedir='${datarootdir}/locale'
localstatedir='${prefix}/var'
mandir='${datarootdir}/man'
mkdir_p='$(MKDIR_P)'
oldincludedir='/usr/include'
pdfdir='${docdir}'
prefix='/Users/user/phd/herwig_gh/.'
program_transform_name='s,x,x,'
psdir='${docdir}'
sbindir='${exec_prefix}/sbin'
sharedstatedir='${prefix}/com'
sysconfdir='${prefix}/etc'
target_alias=''

## ----------- ##
## confdefs.h. ##
## ----------- ##

/* confdefs.h */
#define PACKAGE_NAME "HJets"
#define PACKAGE_TARNAME "HJets"
#define PACKAGE_VERSION "1.3"
#define PACKAGE_STRING "HJets 1.3"
#define PACKAGE_BUGREPORT "simon.plaetzer@gmail.com"
#define PACKAGE_URL ""
#define PACKAGE "HJets"
#define VERSION "1.3"
#define HAVE_CXX11 1
#define STDC_HEADERS 1
#define HAVE_SYS_TYPES_H 1
#define HAVE_SYS_STAT_H 1
#define HAVE_STDLIB_H 1
#define HAVE_STRING_H 1
#define HAVE_MEMORY_H 1
#define HAVE_STRINGS_H 1
#define HAVE_INTTYPES_H 1
#define HAVE_STDINT_H 1
#define HAVE_UNISTD_H 1
#define HAVE_DLFCN_H 1
#define LT_OBJDIR ".libs/"
#define HAVE__USERS_USER_PHD_HERWIG_GH___BIN_HERWIG_CONFIG 1

configure: exit 0
